This file contains any messages produced by compilers while
running configure, to aid debugging if configure makes a mistake.

It was created by curl configure -, which was
generated by GNU Autoconf 2.69.  Invocation command line was

  $ ./configure --host=armv7s-apple-darwin --with-darwinssl --enable-ipv6 --disable-shared --enable-static --disable-smtp --disable-pop3 --disable-imap --disable-ftp --disable-tftp --disable-telnet --disable-rtsp --disable-ldap

## --------- ##
## Platform. ##
## --------- ##

hostname = JimdeMacBook-Pro.local
uname -m = x86_64
uname -r = 19.5.0
uname -s = Darwin
uname -v = Darwin Kernel Version 19.5.0: Tue May 26 20:41:44 PDT 2020; root:xnu-6153.121.2~2/RELEASE_X86_64

/usr/bin/uname -p = i386
/bin/uname -X     = unknown

/bin/arch              = unknown
/usr/bin/arch -k       = unknown
/usr/convex/getsysinfo = unknown
/usr/bin/hostinfo      = Mach kernel version:
	 Darwin Kernel Version 19.5.0: Tue May 26 20:41:44 PDT 2020; root:xnu-6153.121.2~2/RELEASE_X86_64
Kernel configured for up to 4 processors.
2 processors are physically available.
4 processors are logically available.
Processor type: x86_64h (Intel x86-64h Haswell)
Processors active: 0 1 2 3
Primary memory available: 16.00 gigabytes
Default processor set: 340 tasks, 1233 threads, 4 processors
Load average: 3.23, Mach factor: 1.50
/bin/machine           = unknown
/usr/bin/oslevel       = unknown
/bin/universe          = unknown

PATH: /Users/jim/.rvm/gems/ruby-2.6.3/bin
PATH: /Users/jim/.rvm/gems/ruby-2.6.3@global/bin
PATH: /Users/jim/.rvm/rubies/ruby-2.6.3/bin
PATH: /Library/Frameworks/Python.framework/Versions/3.8/bin
PATH: /Users/jim/webrtc/depot_tools
PATH: /usr/local/bin
PATH: /usr/bin
PATH: /bin
PATH: /usr/sbin
PATH: /sbin
PATH: /Applications/GPAC.app/Contents/MacOS/
PATH: /Applications/Wireshark.app/Contents/MacOS
PATH: /Users/jim/Library/Android/sdk/platform-tools
PATH: /usr/local/bin
PATH: /usr/bin
PATH: /bin
PATH: /usr/sbin
PATH: /sbin
PATH: /Applications/GPAC.app/Contents/MacOS/
PATH: /Applications/Wireshark.app/Contents/MacOS
PATH: /Users/jim/Library/Android/sdk
PATH: /Users/jim/Library/Android/sdk/ndk-bundle
PATH: /Users/jim/.rvm/bin


## ----------- ##
## Core tests. ##
## ----------- ##

configure:3042: checking whether to enable maintainer-specific portions of Makefiles
configure:3051: result: no
configure:3075: checking whether make supports nested variables
configure:3092: result: yes
configure:3105: checking whether to enable debug build options
configure:3127: result: no
configure:3131: checking whether to enable compiler optimizer
configure:3152: result: (assumed) yes
configure:3164: checking whether to enable strict compiler warnings
configure:3183: result: no
configure:3187: checking whether to enable compiler warnings as errors
configure:3206: result: no
configure:3210: checking whether to enable curl debug memory tracking
configure:3232: result: no
configure:3249: checking whether to enable hiding of library internal symbols
configure:3270: result: yes
configure:3281: checking whether to enable c-ares for DNS lookups
configure:3303: result: no
configure:3307: checking whether to disable dependency on -lrt
configure:3323: result: (assumed no)
configure:3352: checking for path separator
configure:3354: result: :
configure:3385: checking for sed
configure:3404: found /usr/bin/sed
configure:3417: result: /usr/bin/sed
configure:3434: checking for grep
configure:3453: found /usr/bin/grep
configure:3466: result: /usr/bin/grep
configure:3482: checking for egrep
configure:3485: result: /usr/bin/grep -E
configure:3541: checking for armv7s-apple-darwin-ar
configure:3575: result: no
configure:3585: checking for ar
configure:3604: found /usr/bin/ar
configure:3616: result: /usr/bin/ar
configure:3780: using CFLAGS: -arch armv7s -pipe -Os -gdwarf-2 -isysroot /Applications/Xcode.app/Contents/Developer/Platforms/iPhoneOS.platform/Developer/SDKs/iPhoneOS13.5.sdk -I/Applications/Xcode.app/Contents/Developer/Platforms/iPhoneOS.platform/Developer/SDKs/iPhoneOS13.5.sdk -I/Applications/Xcode.app/Contents/Developer/Platforms/iPhoneOS.platform/Developer/SDKs/iPhoneOS13.5.sdk/usr/include -miphoneos-version-min=8.0 -fembed-bitcode
configure:3794: CFLAGS note: CFLAGS should only be used to specify C compiler flags, not include directories. Use CPPFLAGS for: -I/Applications/Xcode.app/Contents/Developer/Platforms/iPhoneOS.platform/Developer/SDKs/iPhoneOS13.5.sdk
configure:3794: CFLAGS note: CFLAGS should only be used to specify C compiler flags, not include directories. Use CPPFLAGS for: -I/Applications/Xcode.app/Contents/Developer/Platforms/iPhoneOS.platform/Developer/SDKs/iPhoneOS13.5.sdk/usr/include
configure:3817: WARNING: Continuing even with errors mentioned immediately above this line.
configure:3864: checking for a BSD-compatible install
configure:3932: result: /usr/local/bin/ginstall -c
configure:3954: checking for armv7s-apple-darwin-gcc
configure:3981: result: /Applications/Xcode.app/Contents/Developer/Toolchains/XcodeDefault.xctoolchain/usr/bin/clang
configure:4250: checking for C compiler version
configure:4259: /Applications/Xcode.app/Contents/Developer/Toolchains/XcodeDefault.xctoolchain/usr/bin/clang --version >&5
Apple clang version 11.0.3 (clang-1103.0.32.62)
Target: x86_64-apple-darwin19.5.0
Thread model: posix
InstalledDir: /Applications/Xcode.app/Contents/Developer/Toolchains/XcodeDefault.xctoolchain/usr/bin
configure:4270: $? = 0
configure:4259: /Applications/Xcode.app/Contents/Developer/Toolchains/XcodeDefault.xctoolchain/usr/bin/clang -v >&5
Apple clang version 11.0.3 (clang-1103.0.32.62)
Target: x86_64-apple-darwin19.5.0
Thread model: posix
InstalledDir: /Applications/Xcode.app/Contents/Developer/Toolchains/XcodeDefault.xctoolchain/usr/bin
configure:4270: $? = 0
configure:4259: /Applications/Xcode.app/Contents/Developer/Toolchains/XcodeDefault.xctoolchain/usr/bin/clang -V >&5
clang: error: unsupported option '-V -Wno-objc-signed-char-bool-implicit-int-conversion'
clang: error: no input files
configure:4270: $? = 1
configure:4259: /Applications/Xcode.app/Contents/Developer/Toolchains/XcodeDefault.xctoolchain/usr/bin/clang -qversion >&5
clang: error: unknown argument '-qversion'; did you mean '--version'?
clang: error: no input files
configure:4270: $? = 1
configure:4289: checking whether the C compiler works
configure:4311: /Applications/Xcode.app/Contents/Developer/Toolchains/XcodeDefault.xctoolchain/usr/bin/clang -arch armv7s -pipe -Os -gdwarf-2 -isysroot /Applications/Xcode.app/Contents/Developer/Platforms/iPhoneOS.platform/Developer/SDKs/iPhoneOS13.5.sdk -I/Applications/Xcode.app/Contents/Developer/Platforms/iPhoneOS.platform/Developer/SDKs/iPhoneOS13.5.sdk -I/Applications/Xcode.app/Contents/Developer/Platforms/iPhoneOS.platform/Developer/SDKs/iPhoneOS13.5.sdk/usr/include -miphoneos-version-min=8.0 -fembed-bitcode  -arch armv7s -isysroot /Applications/Xcode.app/Contents/Developer/Platforms/iPhoneOS.platform/Developer/SDKs/iPhoneOS13.5.sdk conftest.c  >&5
configure:4315: $? = 0
configure:4363: result: yes
configure:4366: checking for C compiler default output file name
configure:4368: result: a.out
configure:4374: checking for suffix of executables
configure:4381: /Applications/Xcode.app/Contents/Developer/Toolchains/XcodeDefault.xctoolchain/usr/bin/clang -o conftest -arch armv7s -pipe -Os -gdwarf-2 -isysroot /Applications/Xcode.app/Contents/Developer/Platforms/iPhoneOS.platform/Developer/SDKs/iPhoneOS13.5.sdk -I/Applications/Xcode.app/Contents/Developer/Platforms/iPhoneOS.platform/Developer/SDKs/iPhoneOS13.5.sdk -I/Applications/Xcode.app/Contents/Developer/Platforms/iPhoneOS.platform/Developer/SDKs/iPhoneOS13.5.sdk/usr/include -miphoneos-version-min=8.0 -fembed-bitcode  -arch armv7s -isysroot /Applications/Xcode.app/Contents/Developer/Platforms/iPhoneOS.platform/Developer/SDKs/iPhoneOS13.5.sdk conftest.c  >&5
configure:4385: $? = 0
configure:4407: result: 
configure:4428: checking whether we are cross compiling
configure:4436: /Applications/Xcode.app/Contents/Developer/Toolchains/XcodeDefault.xctoolchain/usr/bin/clang -o conftest -arch armv7s -pipe -Os -gdwarf-2 -isysroot /Applications/Xcode.app/Contents/Developer/Platforms/iPhoneOS.platform/Developer/SDKs/iPhoneOS13.5.sdk -I/Applications/Xcode.app/Contents/Developer/Platforms/iPhoneOS.platform/Developer/SDKs/iPhoneOS13.5.sdk -I/Applications/Xcode.app/Contents/Developer/Platforms/iPhoneOS.platform/Developer/SDKs/iPhoneOS13.5.sdk/usr/include -miphoneos-version-min=8.0 -fembed-bitcode  -arch armv7s -isysroot /Applications/Xcode.app/Contents/Developer/Platforms/iPhoneOS.platform/Developer/SDKs/iPhoneOS13.5.sdk conftest.c  >&5
configure:4440: $? = 0
configure:4447: ./conftest
./configure: line 4449: ./conftest: Bad CPU type in executable
configure:4451: $? = 126
configure:4466: result: yes
configure:4471: checking for suffix of object files
configure:4492: /Applications/Xcode.app/Contents/Developer/Toolchains/XcodeDefault.xctoolchain/usr/bin/clang -c -arch armv7s -pipe -Os -gdwarf-2 -isysroot /Applications/Xcode.app/Contents/Developer/Platforms/iPhoneOS.platform/Developer/SDKs/iPhoneOS13.5.sdk -I/Applications/Xcode.app/Contents/Developer/Platforms/iPhoneOS.platform/Developer/SDKs/iPhoneOS13.5.sdk -I/Applications/Xcode.app/Contents/Developer/Platforms/iPhoneOS.platform/Developer/SDKs/iPhoneOS13.5.sdk/usr/include -miphoneos-version-min=8.0 -fembed-bitcode  conftest.c >&5
configure:4496: $? = 0
configure:4517: result: o
configure:4521: checking whether we are using the GNU C compiler
configure:4539: /Applications/Xcode.app/Contents/Developer/Toolchains/XcodeDefault.xctoolchain/usr/bin/clang -c -arch armv7s -pipe -Os -gdwarf-2 -isysroot /Applications/Xcode.app/Contents/Developer/Platforms/iPhoneOS.platform/Developer/SDKs/iPhoneOS13.5.sdk -I/Applications/Xcode.app/Contents/Developer/Platforms/iPhoneOS.platform/Developer/SDKs/iPhoneOS13.5.sdk -I/Applications/Xcode.app/Contents/Developer/Platforms/iPhoneOS.platform/Developer/SDKs/iPhoneOS13.5.sdk/usr/include -miphoneos-version-min=8.0 -fembed-bitcode  conftest.c >&5
configure:4539: $? = 0
configure:4548: result: yes
configure:4557: checking whether /Applications/Xcode.app/Contents/Developer/Toolchains/XcodeDefault.xctoolchain/usr/bin/clang accepts -g
configure:4576: /Applications/Xcode.app/Contents/Developer/Toolchains/XcodeDefault.xctoolchain/usr/bin/clang -c -g  conftest.c >&5
configure:4576: $? = 0
configure:4615: result: yes
configure:4632: checking for /Applications/Xcode.app/Contents/Developer/Toolchains/XcodeDefault.xctoolchain/usr/bin/clang option to accept ISO C89
configure:4694: /Applications/Xcode.app/Contents/Developer/Toolchains/XcodeDefault.xctoolchain/usr/bin/clang  -c -arch armv7s -pipe -Os -gdwarf-2 -isysroot /Applications/Xcode.app/Contents/Developer/Platforms/iPhoneOS.platform/Developer/SDKs/iPhoneOS13.5.sdk -I/Applications/Xcode.app/Contents/Developer/Platforms/iPhoneOS.platform/Developer/SDKs/iPhoneOS13.5.sdk -I/Applications/Xcode.app/Contents/Developer/Platforms/iPhoneOS.platform/Developer/SDKs/iPhoneOS13.5.sdk/usr/include -miphoneos-version-min=8.0 -fembed-bitcode  conftest.c >&5
configure:4694: $? = 0
configure:4707: result: none needed
configure:4732: checking whether /Applications/Xcode.app/Contents/Developer/Toolchains/XcodeDefault.xctoolchain/usr/bin/clang understands -c and -o together
configure:4753: /Applications/Xcode.app/Contents/Developer/Toolchains/XcodeDefault.xctoolchain/usr/bin/clang -c conftest.c -o conftest2.o
configure:4756: $? = 0
configure:4753: /Applications/Xcode.app/Contents/Developer/Toolchains/XcodeDefault.xctoolchain/usr/bin/clang -c conftest.c -o conftest2.o
configure:4756: $? = 0
configure:4768: result: yes
configure:4791: checking how to run the C preprocessor
configure:4822: /Applications/Xcode.app/Contents/Developer/Toolchains/XcodeDefault.xctoolchain/usr/bin/clang -E  conftest.c
configure:4822: $? = 0
configure:4836: /Applications/Xcode.app/Contents/Developer/Toolchains/XcodeDefault.xctoolchain/usr/bin/clang -E  conftest.c
conftest.c:9:10: fatal error: 'ac_nonexistent.h' file not found
#include <ac_nonexistent.h>
         ^~~~~~~~~~~~~~~~~~
1 error generated.
configure:4836: $? = 1
configure: failed program was:
| /* confdefs.h */
| #define PACKAGE_NAME "curl"
| #define PACKAGE_TARNAME "curl"
| #define PACKAGE_VERSION "-"
| #define PACKAGE_STRING "curl -"
| #define PACKAGE_BUGREPORT "a suitable curl mailing list: https://curl.haxx.se/mail/"
| #define PACKAGE_URL ""
| /* end confdefs.h.  */
| #include <ac_nonexistent.h>
configure:4861: result: /Applications/Xcode.app/Contents/Developer/Toolchains/XcodeDefault.xctoolchain/usr/bin/clang -E
configure:4881: /Applications/Xcode.app/Contents/Developer/Toolchains/XcodeDefault.xctoolchain/usr/bin/clang -E  conftest.c
configure:4881: $? = 0
configure:4895: /Applications/Xcode.app/Contents/Developer/Toolchains/XcodeDefault.xctoolchain/usr/bin/clang -E  conftest.c
conftest.c:9:10: fatal error: 'ac_nonexistent.h' file not found
#include <ac_nonexistent.h>
         ^~~~~~~~~~~~~~~~~~
1 error generated.
configure:4895: $? = 1
configure: failed program was:
| /* confdefs.h */
| #define PACKAGE_NAME "curl"
| #define PACKAGE_TARNAME "curl"
| #define PACKAGE_VERSION "-"
| #define PACKAGE_STRING "curl -"
| #define PACKAGE_BUGREPORT "a suitable curl mailing list: https://curl.haxx.se/mail/"
| #define PACKAGE_URL ""
| /* end confdefs.h.  */
| #include <ac_nonexistent.h>
configure:4935: checking for a sed that does not truncate output
configure:4999: result: /usr/bin/sed
configure:5007: checking for code coverage support
configure:5021: result: no
configure:5171: checking whether build environment is sane
configure:5226: result: yes
configure:5282: checking for armv7s-apple-darwin-strip
configure:5312: result: no
configure:5322: checking for strip
configure:5338: found /usr/bin/strip
configure:5349: result: strip
configure:5361: WARNING: using cross tools not prefixed with host triplet
configure:5374: checking for a thread-safe mkdir -p
configure:5413: result: /usr/local/bin/gmkdir -p
configure:5420: checking for gawk
configure:5450: result: no
configure:5420: checking for mawk
configure:5450: result: no
configure:5420: checking for nawk
configure:5450: result: no
configure:5420: checking for awk
configure:5436: found /usr/bin/awk
configure:5447: result: awk
configure:5458: checking whether make sets $(MAKE)
configure:5480: result: yes
configure:5502: checking whether make supports the include directive
configure:5517: make -f confmf.GNU && cat confinc.out
this is the am__doit target
configure:5520: $? = 0
configure:5539: result: yes (GNU style)

## ---------------- ##
## Cache variables. ##
## ---------------- ##

ac_cv_c_compiler_gnu=yes
ac_cv_env_CC_set=set
ac_cv_env_CC_value=/Applications/Xcode.app/Contents/Developer/Toolchains/XcodeDefault.xctoolchain/usr/bin/clang
ac_cv_env_CFLAGS_set=set
ac_cv_env_CFLAGS_value='-arch armv7s -pipe -Os -gdwarf-2 -isysroot /Applications/Xcode.app/Contents/Developer/Platforms/iPhoneOS.platform/Developer/SDKs/iPhoneOS13.5.sdk -I/Applications/Xcode.app/Contents/Developer/Platforms/iPhoneOS.platform/Developer/SDKs/iPhoneOS13.5.sdk -I/Applications/Xcode.app/Contents/Developer/Platforms/iPhoneOS.platform/Developer/SDKs/iPhoneOS13.5.sdk/usr/include -miphoneos-version-min=8.0 -fembed-bitcode'
ac_cv_env_CPPFLAGS_set=
ac_cv_env_CPPFLAGS_value=
ac_cv_env_CPP_set=
ac_cv_env_CPP_value=
ac_cv_env_LDFLAGS_set=set
ac_cv_env_LDFLAGS_value='-arch armv7s -isysroot /Applications/Xcode.app/Contents/Developer/Platforms/iPhoneOS.platform/Developer/SDKs/iPhoneOS13.5.sdk'
ac_cv_env_LIBS_set=
ac_cv_env_LIBS_value=
ac_cv_env_LT_SYS_LIBRARY_PATH_set=
ac_cv_env_LT_SYS_LIBRARY_PATH_value=
ac_cv_env_build_alias_set=
ac_cv_env_build_alias_value=
ac_cv_env_host_alias_set=set
ac_cv_env_host_alias_value=armv7s-apple-darwin
ac_cv_env_target_alias_set=
ac_cv_env_target_alias_value=
ac_cv_objext=o
ac_cv_path_GREP=/usr/bin/grep
ac_cv_path_SED=/usr/bin/sed
ac_cv_path_ac_pt_AR=/usr/bin/ar
ac_cv_path_install='/usr/local/bin/ginstall -c'
ac_cv_path_mkdir=/usr/local/bin/gmkdir
ac_cv_prog_AWK=awk
ac_cv_prog_CC=/Applications/Xcode.app/Contents/Developer/Toolchains/XcodeDefault.xctoolchain/usr/bin/clang
ac_cv_prog_CPP='/Applications/Xcode.app/Contents/Developer/Toolchains/XcodeDefault.xctoolchain/usr/bin/clang -E'
ac_cv_prog_ac_ct_STRIP=strip
ac_cv_prog_cc_c89=
ac_cv_prog_cc_g=yes
ac_cv_prog_make_make_set=yes
am_cv_make_support_nested_variables=yes
am_cv_prog_cc_c_o=yes

## ----------------- ##
## Output variables. ##
## ----------------- ##

ACLOCAL=''
AMDEPBACKSLASH='\'
AMDEP_FALSE='#'
AMDEP_TRUE=''
AMTAR=''
AM_BACKSLASH='\'
AM_DEFAULT_V='$(AM_DEFAULT_VERBOSITY)'
AM_DEFAULT_VERBOSITY='0'
AM_V='$(V)'
AR='/usr/bin/ar'
AR_FLAGS=''
AS=''
AUTOCONF=''
AUTOHEADER=''
AUTOMAKE=''
AWK='awk'
BLANK_AT_MAKETIME=''
BUILD_LIBHOSTNAME_FALSE=''
BUILD_LIBHOSTNAME_TRUE=''
BUILD_STUB_GSS_FALSE=''
BUILD_STUB_GSS_TRUE=''
BUILD_UNITTESTS_FALSE=''
BUILD_UNITTESTS_TRUE=''
CC='/Applications/Xcode.app/Contents/Developer/Toolchains/XcodeDefault.xctoolchain/usr/bin/clang'
CCDEPMODE=''
CFLAGS='-arch armv7s -pipe -Os -gdwarf-2 -isysroot /Applications/Xcode.app/Contents/Developer/Platforms/iPhoneOS.platform/Developer/SDKs/iPhoneOS13.5.sdk -I/Applications/Xcode.app/Contents/Developer/Platforms/iPhoneOS.platform/Developer/SDKs/iPhoneOS13.5.sdk -I/Applications/Xcode.app/Contents/Developer/Platforms/iPhoneOS.platform/Developer/SDKs/iPhoneOS13.5.sdk/usr/include -miphoneos-version-min=8.0 -fembed-bitcode'
CFLAG_CURL_SYMBOL_HIDING=''
CONFIGURE_OPTIONS='" '\''--host=armv7s-apple-darwin'\'' '\''--with-darwinssl'\'' '\''--enable-ipv6'\'' '\''--disable-shared'\'' '\''--enable-static'\'' '\''--disable-smtp'\'' '\''--disable-pop3'\'' '\''--disable-imap'\'' '\''--disable-ftp'\'' '\''--disable-tftp'\'' '\''--disable-telnet'\'' '\''--disable-rtsp'\'' '\''--disable-ldap'\'' '\''host_alias=armv7s-apple-darwin'\'' '\''CC=/Applications/Xcode.app/Contents/Developer/Toolchains/XcodeDefault.xctoolchain/usr/bin/clang'\'' '\''CFLAGS=-arch armv7s -pipe -Os -gdwarf-2 -isysroot /Applications/Xcode.app/Contents/Developer/Platforms/iPhoneOS.platform/Developer/SDKs/iPhoneOS13.5.sdk -I/Applications/Xcode.app/Contents/Developer/Platforms/iPhoneOS.platform/Developer/SDKs/iPhoneOS13.5.sdk -I/Applications/Xcode.app/Contents/Developer/Platforms/iPhoneOS.platform/Developer/SDKs/iPhoneOS13.5.sdk/usr/include -miphoneos-version-min=8.0 -fembed-bitcode'\'' '\''LDFLAGS=-arch armv7s -isysroot /Applications/Xcode.app/Contents/Developer/Platforms/iPhoneOS.platform/Developer/SDKs/iPhoneOS13.5.sdk'\''"'
CPP='/Applications/Xcode.app/Contents/Developer/Toolchains/XcodeDefault.xctoolchain/usr/bin/clang -E'
CPPFLAGS=''
CPPFLAG_CURL_STATICLIB=''
CROSSCOMPILING_FALSE=''
CROSSCOMPILING_TRUE=''
CURLDEBUG_FALSE=''
CURLDEBUG_TRUE=''
CURLVERSION='7.66.0'
CURL_CA_BUNDLE=''
CURL_CFLAG_EXTRAS=''
CURL_DISABLE_DICT=''
CURL_DISABLE_FILE=''
CURL_DISABLE_FTP=''
CURL_DISABLE_GOPHER=''
CURL_DISABLE_HTTP=''
CURL_DISABLE_IMAP=''
CURL_DISABLE_LDAP=''
CURL_DISABLE_LDAPS=''
CURL_DISABLE_POP3=''
CURL_DISABLE_PROXY=''
CURL_DISABLE_RTSP=''
CURL_DISABLE_SMB=''
CURL_DISABLE_SMTP=''
CURL_DISABLE_TELNET=''
CURL_DISABLE_TFTP=''
CURL_LT_SHLIB_USE_MIMPURE_TEXT_FALSE=''
CURL_LT_SHLIB_USE_MIMPURE_TEXT_TRUE=''
CURL_LT_SHLIB_USE_NO_UNDEFINED_FALSE=''
CURL_LT_SHLIB_USE_NO_UNDEFINED_TRUE=''
CURL_LT_SHLIB_USE_VERSIONED_SYMBOLS_FALSE=''
CURL_LT_SHLIB_USE_VERSIONED_SYMBOLS_TRUE=''
CURL_LT_SHLIB_USE_VERSION_INFO_FALSE=''
CURL_LT_SHLIB_USE_VERSION_INFO_TRUE=''
CURL_LT_SHLIB_VERSIONED_FLAVOUR=''
CURL_NETWORK_AND_TIME_LIBS=''
CURL_NETWORK_LIBS=''
CURL_WITH_MULTI_SSL=''
CYGPATH_W='echo'
DEFAULT_SSL_BACKEND=''
DEFS=''
DEPDIR='.deps'
DLLTOOL=''
DOING_CURL_SYMBOL_HIDING_FALSE=''
DOING_CURL_SYMBOL_HIDING_TRUE=''
DOING_NATIVE_WINDOWS_FALSE=''
DOING_NATIVE_WINDOWS_TRUE=''
DSYMUTIL=''
DUMPBIN=''
ECHO_C='\c'
ECHO_N=''
ECHO_T=''
EGREP='/usr/bin/grep -E'
ENABLE_SHARED=''
ENABLE_STATIC=''
EXEEXT=''
FGREP=''
FISH_FUNCTIONS_DIR=''
GCOV=''
GREP='/usr/bin/grep'
HAVE_BROTLI=''
HAVE_GNUTLS_SRP=''
HAVE_LDAP_SSL=''
HAVE_LIBZ=''
HAVE_LIBZ_FALSE=''
HAVE_LIBZ_TRUE=''
HAVE_OPENSSL_SRP=''
HAVE_PROTO_BSDSOCKET_H=''
IDN_ENABLED=''
INSTALL_DATA='${INSTALL} -m 644'
INSTALL_PROGRAM='${INSTALL}'
INSTALL_SCRIPT='${INSTALL}'
INSTALL_STRIP_PROGRAM='$(install_sh) -c -s'
IPV6_ENABLED=''
LCOV=''
LD=''
LDFLAGS='-arch armv7s -isysroot /Applications/Xcode.app/Contents/Developer/Platforms/iPhoneOS.platform/Developer/SDKs/iPhoneOS13.5.sdk'
LIBCURL_LIBS=''
LIBMETALINK_CPPFLAGS=''
LIBMETALINK_LDFLAGS=''
LIBMETALINK_LIBS=''
LIBOBJS=''
LIBS=''
LIBTOOL=''
LIPO=''
LN_S=''
LTLIBOBJS=''
LT_SYS_LIBRARY_PATH=''
MAINT='#'
MAINTAINER_MODE_FALSE=''
MAINTAINER_MODE_TRUE='#'
MAKEINFO=''
MANIFEST_TOOL=''
MANOPT=''
MKDIR_P='/usr/local/bin/gmkdir -p'
NM=''
NMEDIT=''
NROFF=''
NSS_LIBS=''
OBJDUMP=''
OBJEXT='o'
OTOOL64=''
OTOOL=''
PACKAGE='curl'
PACKAGE_BUGREPORT='a suitable curl mailing list: https://curl.haxx.se/mail/'
PACKAGE_NAME='curl'
PACKAGE_STRING='curl -'
PACKAGE_TARNAME='curl'
PACKAGE_URL=''
PACKAGE_VERSION='-'
PATH_SEPARATOR=':'
PERL=''
PKGADD_NAME=''
PKGADD_PKG=''
PKGADD_VENDOR=''
PKGCONFIG=''
RANDOM_FILE=''
RANLIB=''
REQUIRE_LIB_DEPS=''
SED='/usr/bin/sed'
SET_MAKE=''
SHELL='/bin/sh'
SSL_BACKENDS=''
SSL_ENABLED=''
SSL_LIBS=''
STRIP='strip'
SUPPORT_FEATURES=''
SUPPORT_PROTOCOLS=''
USE_ARES=''
USE_CPPFLAG_CURL_STATICLIB_FALSE=''
USE_CPPFLAG_CURL_STATICLIB_TRUE=''
USE_EMBEDDED_ARES_FALSE=''
USE_EMBEDDED_ARES_TRUE=''
USE_EXPLICIT_LIB_DEPS_FALSE=''
USE_EXPLICIT_LIB_DEPS_TRUE=''
USE_GNUTLS=''
USE_GNUTLS_NETTLE=''
USE_LIBPSL_FALSE=''
USE_LIBPSL_TRUE=''
USE_LIBRTMP=''
USE_LIBSSH2=''
USE_LIBSSH=''
USE_MANUAL_FALSE=''
USE_MANUAL_TRUE=''
USE_MBEDTLS=''
USE_MESALINK=''
USE_NGHTTP2=''
USE_NGHTTP3=''
USE_NGTCP2=''
USE_NGTCP2_CRYPTO_OPENSSL=''
USE_NSS=''
USE_OPENLDAP=''
USE_QUICHE=''
USE_SCHANNEL=''
USE_SECTRANSP=''
USE_UNIX_SOCKETS=''
USE_WINDOWS_SSPI=''
USE_WOLFSSL=''
VERSION='-'
VERSIONNUM=''
ZLIB_LIBS=''
ZSH_FUNCTIONS_DIR=''
ac_ct_AR=''
ac_ct_CC=''
ac_ct_DUMPBIN=''
am__EXEEXT_FALSE=''
am__EXEEXT_TRUE=''
am__fastdepCC_FALSE=''
am__fastdepCC_TRUE=''
am__include='include'
am__isrc=''
am__leading_dot='.'
am__nodep='_no'
am__quote=''
am__tar=''
am__untar=''
bindir='${exec_prefix}/bin'
build=''
build_alias=''
build_cpu=''
build_os=''
build_vendor=''
datadir='${datarootdir}'
datarootdir='${prefix}/share'
docdir='${datarootdir}/doc/${PACKAGE_TARNAME}'
dvidir='${docdir}'
exec_prefix='NONE'
host='armv7s-apple-darwin'
host_alias='armv7s-apple-darwin'
host_cpu=''
host_os=''
host_vendor=''
htmldir='${docdir}'
includedir='${prefix}/include'
infodir='${datarootdir}/info'
install_sh='${SHELL} /Users/jim/Git/ipc-client-development-tools/libcurl/curl-7.66.0/install-sh'
libdir='${exec_prefix}/lib'
libexecdir='${exec_prefix}/libexec'
libext=''
localedir='${datarootdir}/locale'
localstatedir='${prefix}/var'
mandir='${datarootdir}/man'
mkdir_p=''
oldincludedir='/usr/include'
pdfdir='${docdir}'
prefix='NONE'
program_transform_name='s,x,x,'
psdir='${docdir}'
runstatedir='${localstatedir}/run'
sbindir='${exec_prefix}/sbin'
sharedstatedir='${prefix}/com'
subdirs=''
sysconfdir='${prefix}/etc'
target_alias=''

## ----------- ##
## confdefs.h. ##
## ----------- ##

/* confdefs.h */
#define PACKAGE_NAME "curl"
#define PACKAGE_TARNAME "curl"
#define PACKAGE_VERSION "-"
#define PACKAGE_STRING "curl -"
#define PACKAGE_BUGREPORT "a suitable curl mailing list: https://curl.haxx.se/mail/"
#define PACKAGE_URL ""

configure: caught signal 2
configure: exit 1
