This file contains any messages produced by compilers while
running configure, to aid debugging if configure makes a mistake.

It was created by MP4v2 configure 2.0.0, which was
generated by GNU Autoconf 2.65.  Invocation command line was

  $ /Users/jim/Git/ipc-client-development-tools/mp4v2/mp4v2-2.0.0/configure --disable-gch --disable-debug --disable-util --enable-shared=no --host=i386-apple-darwin --prefix=/Users/jim/Git/ipc-client-development-tools/mp4v2/thin/i386

## --------- ##
## Platform. ##
## --------- ##

hostname = JimdeMacBook-Pro.local
uname -m = x86_64
uname -r = 18.7.0
uname -s = Darwin
uname -v = Darwin Kernel Version 18.7.0: Tue Aug 20 16:57:14 PDT 2019; root:xnu-4903.271.2~2/RELEASE_X86_64

/usr/bin/uname -p = i386
/bin/uname -X     = unknown

/bin/arch              = unknown
/usr/bin/arch -k       = unknown
/usr/convex/getsysinfo = unknown
/usr/bin/hostinfo      = Mach kernel version:
	 Darwin Kernel Version 18.7.0: Tue Aug 20 16:57:14 PDT 2019; root:xnu-4903.271.2~2/RELEASE_X86_64
Kernel configured for up to 4 processors.
2 processors are physically available.
4 processors are logically available.
Processor type: x86_64h (Intel x86-64h Haswell)
Processors active: 0 1 2 3
Primary memory available: 16.00 gigabytes
Default processor set: 411 tasks, 1750 threads, 4 processors
Load average: 2.27, Mach factor: 1.72
/bin/machine           = unknown
/usr/bin/oslevel       = unknown
/bin/universe          = unknown

PATH: /Library/Frameworks/Python.framework/Versions/3.8/bin
PATH: /Users/jim/webrtc/depot_tools
PATH: /usr/local/bin
PATH: /usr/bin
PATH: /bin
PATH: /usr/sbin
PATH: /sbin
PATH: /Applications/GPAC.app/Contents/MacOS/
PATH: /Applications/Wireshark.app/Contents/MacOS
PATH: /Users/jim/Library/Android/sdk/platform-tools
PATH: /usr/local/bin
PATH: /usr/bin
PATH: /bin
PATH: /usr/sbin
PATH: /sbin
PATH: /Applications/GPAC.app/Contents/MacOS/
PATH: /Applications/Wireshark.app/Contents/MacOS
PATH: /Users/jim/Library/Android/sdk
PATH: /Users/jim/Library/Android/sdk/ndk-bundle


## ----------- ##
## Core tests. ##
## ----------- ##

configure:2412:
  -->
  --> Configuring MP4v2 2.0.0
  -->
configure:2457: checking for a BSD-compatible install
configure:2525: result: /usr/bin/install -c
configure:2536: checking whether build environment is sane
configure:2586: result: yes
configure:2635: checking for i386-apple-darwin-strip
configure:2662: result: /Applications/Xcode.app/Contents/Developer/Platforms/iPhoneOS.platform/Developer/usr/bin/strip
configure:2727: checking for a thread-safe mkdir -p
configure:2766: result: /Users/jim/Git/ipc-client-development-tools/mp4v2/mp4v2-2.0.0/autoaux/install-sh -c -d
configure:2779: checking for gawk
configure:2809: result: no
configure:2779: checking for mawk
configure:2809: result: no
configure:2779: checking for nawk
configure:2809: result: no
configure:2779: checking for awk
configure:2795: found /usr/bin/awk
configure:2806: result: awk
configure:2817: checking whether make sets $(MAKE)
configure:2839: result: yes
configure:2931: checking build system type
configure:2945: result: i386-apple-darwin18.7.0
configure:2965: checking host system type
configure:2978: result: i386-apple-darwin
configure:3174: checking for C++ compiler version
configure:3183: llvm-g++ --version >&5
Apple clang version 11.0.0 (clang-1100.0.33.8)
Target: x86_64-apple-darwin18.7.0
Thread model: posix
InstalledDir: /Applications/Xcode.app/Contents/Developer/Toolchains/XcodeDefault.xctoolchain/usr/bin
configure:3194: $? = 0
configure:3183: llvm-g++ -v >&5
Apple clang version 11.0.0 (clang-1100.0.33.8)
Target: x86_64-apple-darwin18.7.0
Thread model: posix
InstalledDir: /Applications/Xcode.app/Contents/Developer/Toolchains/XcodeDefault.xctoolchain/usr/bin
configure:3194: $? = 0
configure:3183: llvm-g++ -V >&5
clang: error: unsupported option '-V -Wno-framework-include-private-from-public'
clang: error: no input files
configure:3194: $? = 1
configure:3183: llvm-g++ -qversion >&5
clang: error: unknown argument '-qversion', did you mean '--version'?
clang: error: no input files
configure:3194: $? = 1
configure:3214: checking whether the C++ compiler works
configure:3236: llvm-g++ -arch i386 -mios-simulator-version-min=7.0 -pipe -no-cpp-precomp -isysroot /Applications/Xcode.app/Contents/Developer/Platforms/iPhoneSimulator.platform/Developer/SDKs/iPhoneSimulator13.0.sdk -I/Applications/Xcode.app/Contents/Developer/Platforms/iPhoneSimulator.platform/Developer/SDKs/iPhoneSimulator13.0.sdk/usr/include/ -arch i386 -mios-simulator-version-min=7.0 -pipe -no-cpp-precomp -isysroot /Applications/Xcode.app/Contents/Developer/Platforms/iPhoneSimulator.platform/Developer/SDKs/iPhoneSimulator13.0.sdk -I/Applications/Xcode.app/Contents/Developer/Platforms/iPhoneSimulator.platform/Developer/SDKs/iPhoneSimulator13.0.sdk/usr/include/ -L/Applications/Xcode.app/Contents/Developer/Platforms/iPhoneSimulator.platform/Developer/SDKs/iPhoneSimulator13.0.sdk/usr/lib/ conftest.cpp  >&5
ld: warning: OS version (7.0.0) too small, changing to 8.0.0
configure:3240: $? = 0
configure:3289: result: yes
configure:3292: checking for C++ compiler default output file name
configure:3294: result: a.out
configure:3300: checking for suffix of executables
configure:3307: llvm-g++ -o conftest -arch i386 -mios-simulator-version-min=7.0 -pipe -no-cpp-precomp -isysroot /Applications/Xcode.app/Contents/Developer/Platforms/iPhoneSimulator.platform/Developer/SDKs/iPhoneSimulator13.0.sdk -I/Applications/Xcode.app/Contents/Developer/Platforms/iPhoneSimulator.platform/Developer/SDKs/iPhoneSimulator13.0.sdk/usr/include/ -arch i386 -mios-simulator-version-min=7.0 -pipe -no-cpp-precomp -isysroot /Applications/Xcode.app/Contents/Developer/Platforms/iPhoneSimulator.platform/Developer/SDKs/iPhoneSimulator13.0.sdk -I/Applications/Xcode.app/Contents/Developer/Platforms/iPhoneSimulator.platform/Developer/SDKs/iPhoneSimulator13.0.sdk/usr/include/ -L/Applications/Xcode.app/Contents/Developer/Platforms/iPhoneSimulator.platform/Developer/SDKs/iPhoneSimulator13.0.sdk/usr/lib/ conftest.cpp  >&5
ld: warning: OS version (7.0.0) too small, changing to 8.0.0
configure:3311: $? = 0
configure:3333: result: 
configure:3355: checking whether we are cross compiling
configure:3363: llvm-g++ -o conftest -arch i386 -mios-simulator-version-min=7.0 -pipe -no-cpp-precomp -isysroot /Applications/Xcode.app/Contents/Developer/Platforms/iPhoneSimulator.platform/Developer/SDKs/iPhoneSimulator13.0.sdk -I/Applications/Xcode.app/Contents/Developer/Platforms/iPhoneSimulator.platform/Developer/SDKs/iPhoneSimulator13.0.sdk/usr/include/ -arch i386 -mios-simulator-version-min=7.0 -pipe -no-cpp-precomp -isysroot /Applications/Xcode.app/Contents/Developer/Platforms/iPhoneSimulator.platform/Developer/SDKs/iPhoneSimulator13.0.sdk -I/Applications/Xcode.app/Contents/Developer/Platforms/iPhoneSimulator.platform/Developer/SDKs/iPhoneSimulator13.0.sdk/usr/include/ -L/Applications/Xcode.app/Contents/Developer/Platforms/iPhoneSimulator.platform/Developer/SDKs/iPhoneSimulator13.0.sdk/usr/lib/ conftest.cpp  >&5
ld: warning: OS version (7.0.0) too small, changing to 8.0.0
configure:3367: $? = 0
configure:3374: ./conftest
dyld: mach-o, but built for simulator (not macOS)
/Users/jim/Git/ipc-client-development-tools/mp4v2/mp4v2-2.0.0/configure: line 3376: 48674 Abort trap: 6           ./conftest$ac_cv_exeext
configure:3378: $? = 134
configure:3393: result: yes
configure:3398: checking for suffix of object files
configure:3420: llvm-g++ -c -arch i386 -mios-simulator-version-min=7.0 -pipe -no-cpp-precomp -isysroot /Applications/Xcode.app/Contents/Developer/Platforms/iPhoneSimulator.platform/Developer/SDKs/iPhoneSimulator13.0.sdk -I/Applications/Xcode.app/Contents/Developer/Platforms/iPhoneSimulator.platform/Developer/SDKs/iPhoneSimulator13.0.sdk/usr/include/ -arch i386 -mios-simulator-version-min=7.0 -pipe -no-cpp-precomp -isysroot /Applications/Xcode.app/Contents/Developer/Platforms/iPhoneSimulator.platform/Developer/SDKs/iPhoneSimulator13.0.sdk -I/Applications/Xcode.app/Contents/Developer/Platforms/iPhoneSimulator.platform/Developer/SDKs/iPhoneSimulator13.0.sdk/usr/include/ conftest.cpp >&5
configure:3424: $? = 0
configure:3445: result: o
configure:3449: checking whether we are using the GNU C++ compiler
configure:3468: llvm-g++ -c -arch i386 -mios-simulator-version-min=7.0 -pipe -no-cpp-precomp -isysroot /Applications/Xcode.app/Contents/Developer/Platforms/iPhoneSimulator.platform/Developer/SDKs/iPhoneSimulator13.0.sdk -I/Applications/Xcode.app/Contents/Developer/Platforms/iPhoneSimulator.platform/Developer/SDKs/iPhoneSimulator13.0.sdk/usr/include/ -arch i386 -mios-simulator-version-min=7.0 -pipe -no-cpp-precomp -isysroot /Applications/Xcode.app/Contents/Developer/Platforms/iPhoneSimulator.platform/Developer/SDKs/iPhoneSimulator13.0.sdk -I/Applications/Xcode.app/Contents/Developer/Platforms/iPhoneSimulator.platform/Developer/SDKs/iPhoneSimulator13.0.sdk/usr/include/ conftest.cpp >&5
configure:3468: $? = 0
configure:3477: result: yes
configure:3486: checking whether llvm-g++ accepts -g
configure:3506: llvm-g++ -c -g -arch i386 -mios-simulator-version-min=7.0 -pipe -no-cpp-precomp -isysroot /Applications/Xcode.app/Contents/Developer/Platforms/iPhoneSimulator.platform/Developer/SDKs/iPhoneSimulator13.0.sdk -I/Applications/Xcode.app/Contents/Developer/Platforms/iPhoneSimulator.platform/Developer/SDKs/iPhoneSimulator13.0.sdk/usr/include/ conftest.cpp >&5
configure:3506: $? = 0
configure:3547: result: yes
configure:3581: checking for style of include used by make
configure:3609: result: GNU
configure:3634: checking dependency style of llvm-g++
configure:3744: result: none
configure:3792: checking for i386-apple-darwin-gcc
configure:3819: result: llvm-gcc
configure:4088: checking for C compiler version
configure:4097: llvm-gcc --version >&5
Apple clang version 11.0.0 (clang-1100.0.33.8)
Target: x86_64-apple-darwin18.7.0
Thread model: posix
InstalledDir: /Applications/Xcode.app/Contents/Developer/Toolchains/XcodeDefault.xctoolchain/usr/bin
configure:4108: $? = 0
configure:4097: llvm-gcc -v >&5
Apple clang version 11.0.0 (clang-1100.0.33.8)
Target: x86_64-apple-darwin18.7.0
Thread model: posix
InstalledDir: /Applications/Xcode.app/Contents/Developer/Toolchains/XcodeDefault.xctoolchain/usr/bin
configure:4108: $? = 0
configure:4097: llvm-gcc -V >&5
clang: error: unsupported option '-V -Wno-framework-include-private-from-public'
clang: error: no input files
configure:4108: $? = 1
configure:4097: llvm-gcc -qversion >&5
clang: error: unknown argument '-qversion', did you mean '--version'?
clang: error: no input files
configure:4108: $? = 1
configure:4112: checking whether we are using the GNU C compiler
configure:4131: llvm-gcc -c -arch i386 -mios-simulator-version-min=7.0 -pipe -no-cpp-precomp -isysroot /Applications/Xcode.app/Contents/Developer/Platforms/iPhoneSimulator.platform/Developer/SDKs/iPhoneSimulator13.0.sdk -I/Applications/Xcode.app/Contents/Developer/Platforms/iPhoneSimulator.platform/Developer/SDKs/iPhoneSimulator13.0.sdk/usr/include/ -arch i386 -mios-simulator-version-min=7.0 -pipe -no-cpp-precomp -isysroot /Applications/Xcode.app/Contents/Developer/Platforms/iPhoneSimulator.platform/Developer/SDKs/iPhoneSimulator13.0.sdk -I/Applications/Xcode.app/Contents/Developer/Platforms/iPhoneSimulator.platform/Developer/SDKs/iPhoneSimulator13.0.sdk/usr/include/ conftest.c >&5
configure:4131: $? = 0
configure:4140: result: yes
configure:4149: checking whether llvm-gcc accepts -g
configure:4169: llvm-gcc -c -g -arch i386 -mios-simulator-version-min=7.0 -pipe -no-cpp-precomp -isysroot /Applications/Xcode.app/Contents/Developer/Platforms/iPhoneSimulator.platform/Developer/SDKs/iPhoneSimulator13.0.sdk -I/Applications/Xcode.app/Contents/Developer/Platforms/iPhoneSimulator.platform/Developer/SDKs/iPhoneSimulator13.0.sdk/usr/include/ conftest.c >&5
configure:4169: $? = 0
configure:4210: result: yes
configure:4227: checking for llvm-gcc option to accept ISO C89
configure:4291: llvm-gcc  -c -arch i386 -mios-simulator-version-min=7.0 -pipe -no-cpp-precomp -isysroot /Applications/Xcode.app/Contents/Developer/Platforms/iPhoneSimulator.platform/Developer/SDKs/iPhoneSimulator13.0.sdk -I/Applications/Xcode.app/Contents/Developer/Platforms/iPhoneSimulator.platform/Developer/SDKs/iPhoneSimulator13.0.sdk/usr/include/ -arch i386 -mios-simulator-version-min=7.0 -pipe -no-cpp-precomp -isysroot /Applications/Xcode.app/Contents/Developer/Platforms/iPhoneSimulator.platform/Developer/SDKs/iPhoneSimulator13.0.sdk -I/Applications/Xcode.app/Contents/Developer/Platforms/iPhoneSimulator.platform/Developer/SDKs/iPhoneSimulator13.0.sdk/usr/include/ conftest.c >&5
configure:4291: $? = 0
configure:4304: result: none needed
configure:4326: checking dependency style of llvm-gcc
configure:4436: result: none
configure:4451: checking for a sed that does not truncate output
configure:4515: result: /usr/bin/sed
configure:4533: checking for grep that handles long lines and -e
configure:4591: result: /usr/bin/grep
configure:4596: checking for egrep
configure:4658: result: /usr/bin/grep -E
configure:4663: checking for fgrep
configure:4725: result: /usr/bin/grep -F
configure:4760: checking for ld used by llvm-gcc
configure:4827: result: /Applications/Xcode.app/Contents/Developer/Platforms/iPhoneSimulator.platform/Developer/usr/bin/ld
configure:4834: checking if the linker (/Applications/Xcode.app/Contents/Developer/Platforms/iPhoneSimulator.platform/Developer/usr/bin/ld) is GNU ld
configure:4849: result: no
configure:4861: checking for BSD- or MS-compatible name lister (nm)
configure:4910: result: /Applications/Xcode.app/Contents/Developer/Platforms/iPhoneOS.platform/Developer/usr/bin/nm
configure:5028: checking the name lister (/Applications/Xcode.app/Contents/Developer/Platforms/iPhoneOS.platform/Developer/usr/bin/nm) interface
configure:5035: llvm-gcc -c -arch i386 -mios-simulator-version-min=7.0 -pipe -no-cpp-precomp -isysroot /Applications/Xcode.app/Contents/Developer/Platforms/iPhoneSimulator.platform/Developer/SDKs/iPhoneSimulator13.0.sdk -I/Applications/Xcode.app/Contents/Developer/Platforms/iPhoneSimulator.platform/Developer/SDKs/iPhoneSimulator13.0.sdk/usr/include/ -arch i386 -mios-simulator-version-min=7.0 -pipe -no-cpp-precomp -isysroot /Applications/Xcode.app/Contents/Developer/Platforms/iPhoneSimulator.platform/Developer/SDKs/iPhoneSimulator13.0.sdk -I/Applications/Xcode.app/Contents/Developer/Platforms/iPhoneSimulator.platform/Developer/SDKs/iPhoneSimulator13.0.sdk/usr/include/ conftest.c >&5
configure:5038: /Applications/Xcode.app/Contents/Developer/Platforms/iPhoneOS.platform/Developer/usr/bin/nm "conftest.o"
/Users/jim/Git/ipc-client-development-tools/mp4v2/mp4v2-2.0.0/configure: line 5039: /Applications/Xcode.app/Contents/Developer/Platforms/iPhoneOS.platform/Developer/usr/bin/nm: No such file or directory
configure:5041: output
configure:5048: result: BSD nm
configure:5051: checking whether ln -s works
configure:5055: result: yes
configure:5063: checking the maximum length of command line arguments
configure:5183: result: 196608
configure:5200: checking whether the shell understands some XSI constructs
configure:5210: result: yes
configure:5214: checking whether the shell understands "+="
configure:5220: result: yes
configure:5255: checking for /Applications/Xcode.app/Contents/Developer/Platforms/iPhoneSimulator.platform/Developer/usr/bin/ld option to reload object files
configure:5262: result: -r
configure:5291: checking for i386-apple-darwin-objdump
configure:5321: result: no
configure:5331: checking for objdump
configure:5347: found /usr/bin/objdump
configure:5358: result: objdump
configure:5370: WARNING: using cross tools not prefixed with host triplet
configure:5390: checking how to recognize dependent libraries
configure:5586: result: pass_all
configure:5606: checking for i386-apple-darwin-ar
configure:5636: result: no
configure:5646: checking for ar
configure:5662: found /usr/bin/ar
configure:5673: result: ar
configure:5711: checking for i386-apple-darwin-strip
configure:5738: result: /Applications/Xcode.app/Contents/Developer/Platforms/iPhoneOS.platform/Developer/usr/bin/strip
configure:5810: checking for i386-apple-darwin-ranlib
configure:5840: result: no
configure:5850: checking for ranlib
configure:5866: found /usr/bin/ranlib
configure:5877: result: ranlib
configure:5967: checking command to parse /Applications/Xcode.app/Contents/Developer/Platforms/iPhoneOS.platform/Developer/usr/bin/nm output from llvm-gcc object
configure:6085: llvm-gcc -c -arch i386 -mios-simulator-version-min=7.0 -pipe -no-cpp-precomp -isysroot /Applications/Xcode.app/Contents/Developer/Platforms/iPhoneSimulator.platform/Developer/SDKs/iPhoneSimulator13.0.sdk -I/Applications/Xcode.app/Contents/Developer/Platforms/iPhoneSimulator.platform/Developer/SDKs/iPhoneSimulator13.0.sdk/usr/include/ -arch i386 -mios-simulator-version-min=7.0 -pipe -no-cpp-precomp -isysroot /Applications/Xcode.app/Contents/Developer/Platforms/iPhoneSimulator.platform/Developer/SDKs/iPhoneSimulator13.0.sdk -I/Applications/Xcode.app/Contents/Developer/Platforms/iPhoneSimulator.platform/Developer/SDKs/iPhoneSimulator13.0.sdk/usr/include/ conftest.c >&5
configure:6088: $? = 0
configure:6092: /Applications/Xcode.app/Contents/Developer/Platforms/iPhoneOS.platform/Developer/usr/bin/nm conftest.o \| sed -n -e 's/^.*[	 ]\([BCDEGRST][BCDEGRST]*\)[	 ][	 ]*\([_A-Za-z][_A-Za-z0-9]*\)$/\1 \2 \2/p' \> conftest.nm
/Users/jim/Git/ipc-client-development-tools/mp4v2/mp4v2-2.0.0/configure: line 6093: /Applications/Xcode.app/Contents/Developer/Platforms/iPhoneOS.platform/Developer/usr/bin/nm: No such file or directory
configure:6095: $? = 0
cannot run sed -n -e 's/^.*[	 ]\([BCDEGRST][BCDEGRST]*\)[	 ][	 ]*\([_A-Za-z][_A-Za-z0-9]*\)$/\1 \2 \2/p'
configure:6085: llvm-gcc -c -arch i386 -mios-simulator-version-min=7.0 -pipe -no-cpp-precomp -isysroot /Applications/Xcode.app/Contents/Developer/Platforms/iPhoneSimulator.platform/Developer/SDKs/iPhoneSimulator13.0.sdk -I/Applications/Xcode.app/Contents/Developer/Platforms/iPhoneSimulator.platform/Developer/SDKs/iPhoneSimulator13.0.sdk/usr/include/ -arch i386 -mios-simulator-version-min=7.0 -pipe -no-cpp-precomp -isysroot /Applications/Xcode.app/Contents/Developer/Platforms/iPhoneSimulator.platform/Developer/SDKs/iPhoneSimulator13.0.sdk -I/Applications/Xcode.app/Contents/Developer/Platforms/iPhoneSimulator.platform/Developer/SDKs/iPhoneSimulator13.0.sdk/usr/include/ conftest.c >&5
configure:6088: $? = 0
configure:6092: /Applications/Xcode.app/Contents/Developer/Platforms/iPhoneOS.platform/Developer/usr/bin/nm conftest.o \| sed -n -e 's/^.*[	 ]\([BCDEGRST][BCDEGRST]*\)[	 ][	 ]*_\([_A-Za-z][_A-Za-z0-9]*\)$/\1 _\2 \2/p' \> conftest.nm
/Users/jim/Git/ipc-client-development-tools/mp4v2/mp4v2-2.0.0/configure: line 6093: /Applications/Xcode.app/Contents/Developer/Platforms/iPhoneOS.platform/Developer/usr/bin/nm: No such file or directory
configure:6095: $? = 0
cannot run sed -n -e 's/^.*[	 ]\([BCDEGRST][BCDEGRST]*\)[	 ][	 ]*_\([_A-Za-z][_A-Za-z0-9]*\)$/\1 _\2 \2/p'
configure:6187: result: failed
configure:6415: checking for i386-apple-darwin-dsymutil
configure:6442: result: /Applications/Xcode.app/Contents/Developer/Platforms/iPhoneOS.platform/Developer/usr/bin/dsymutil
configure:6507: checking for i386-apple-darwin-nmedit
configure:6534: result: /Applications/Xcode.app/Contents/Developer/Platforms/iPhoneOS.platform/Developer/usr/bin/nmedit
configure:6599: checking for i386-apple-darwin-lipo
configure:6626: result: /Applications/Xcode.app/Contents/Developer/Platforms/iPhoneOS.platform/Developer/usr/bin/lipo
configure:6691: checking for i386-apple-darwin-otool
configure:6718: result: /Applications/Xcode.app/Contents/Developer/Platforms/iPhoneOS.platform/Developer/usr/bin/otool
configure:6783: checking for i386-apple-darwin-otool64
configure:6813: result: no
configure:6823: checking for otool64
configure:6853: result: no
configure:6898: checking for -single_module linker flag
llvm-gcc -arch i386 -mios-simulator-version-min=7.0 -pipe -no-cpp-precomp -isysroot /Applications/Xcode.app/Contents/Developer/Platforms/iPhoneSimulator.platform/Developer/SDKs/iPhoneSimulator13.0.sdk -I/Applications/Xcode.app/Contents/Developer/Platforms/iPhoneSimulator.platform/Developer/SDKs/iPhoneSimulator13.0.sdk/usr/include/ -L/Applications/Xcode.app/Contents/Developer/Platforms/iPhoneSimulator.platform/Developer/SDKs/iPhoneSimulator13.0.sdk/usr/lib/ -o libconftest.dylib -dynamiclib -Wl,-single_module conftest.c
ld: warning: OS version (7.0.0) too small, changing to 8.0.0
configure:6925: result: no
configure:6927: checking for -exported_symbols_list linker flag
configure:6947: llvm-gcc -o conftest -arch i386 -mios-simulator-version-min=7.0 -pipe -no-cpp-precomp -isysroot /Applications/Xcode.app/Contents/Developer/Platforms/iPhoneSimulator.platform/Developer/SDKs/iPhoneSimulator13.0.sdk -I/Applications/Xcode.app/Contents/Developer/Platforms/iPhoneSimulator.platform/Developer/SDKs/iPhoneSimulator13.0.sdk/usr/include/ -arch i386 -mios-simulator-version-min=7.0 -pipe -no-cpp-precomp -isysroot /Applications/Xcode.app/Contents/Developer/Platforms/iPhoneSimulator.platform/Developer/SDKs/iPhoneSimulator13.0.sdk -I/Applications/Xcode.app/Contents/Developer/Platforms/iPhoneSimulator.platform/Developer/SDKs/iPhoneSimulator13.0.sdk/usr/include/ -L/Applications/Xcode.app/Contents/Developer/Platforms/iPhoneSimulator.platform/Developer/SDKs/iPhoneSimulator13.0.sdk/usr/lib/ -Wl,-exported_symbols_list,conftest.sym conftest.c  >&5
ld: warning: OS version (7.0.0) too small, changing to 8.0.0
configure:6947: $? = 0
configure:6957: result: yes
configure:6999: checking how to run the C preprocessor
configure:7030: llvm-gcc -E -arch i386 -mios-simulator-version-min=7.0 -pipe -no-cpp-precomp -isysroot /Applications/Xcode.app/Contents/Developer/Platforms/iPhoneSimulator.platform/Developer/SDKs/iPhoneSimulator13.0.sdk -I/Applications/Xcode.app/Contents/Developer/Platforms/iPhoneSimulator.platform/Developer/SDKs/iPhoneSimulator13.0.sdk/usr/include/ conftest.c
configure:7030: $? = 0
configure:7044: llvm-gcc -E -arch i386 -mios-simulator-version-min=7.0 -pipe -no-cpp-precomp -isysroot /Applications/Xcode.app/Contents/Developer/Platforms/iPhoneSimulator.platform/Developer/SDKs/iPhoneSimulator13.0.sdk -I/Applications/Xcode.app/Contents/Developer/Platforms/iPhoneSimulator.platform/Developer/SDKs/iPhoneSimulator13.0.sdk/usr/include/ conftest.c
conftest.c:11:10: fatal error: 'ac_nonexistent.h' file not found
#include <ac_nonexistent.h>
         ^~~~~~~~~~~~~~~~~~
1 error generated.
configure:7044: $? = 1
configure: failed program was:
| /* confdefs.h */
| #define PACKAGE_NAME "MP4v2"
| #define PACKAGE_TARNAME "mp4v2"
| #define PACKAGE_VERSION "2.0.0"
| #define PACKAGE_STRING "MP4v2 2.0.0"
| #define PACKAGE_BUGREPORT "kidjan@gmail.com"
| #define PACKAGE_URL ""
| #define PACKAGE "mp4v2"
| #define VERSION "2.0.0"
| /* end confdefs.h.  */
| #include <ac_nonexistent.h>
configure:7069: result: llvm-gcc -E
configure:7089: llvm-gcc -E -arch i386 -mios-simulator-version-min=7.0 -pipe -no-cpp-precomp -isysroot /Applications/Xcode.app/Contents/Developer/Platforms/iPhoneSimulator.platform/Developer/SDKs/iPhoneSimulator13.0.sdk -I/Applications/Xcode.app/Contents/Developer/Platforms/iPhoneSimulator.platform/Developer/SDKs/iPhoneSimulator13.0.sdk/usr/include/ conftest.c
configure:7089: $? = 0
configure:7103: llvm-gcc -E -arch i386 -mios-simulator-version-min=7.0 -pipe -no-cpp-precomp -isysroot /Applications/Xcode.app/Contents/Developer/Platforms/iPhoneSimulator.platform/Developer/SDKs/iPhoneSimulator13.0.sdk -I/Applications/Xcode.app/Contents/Developer/Platforms/iPhoneSimulator.platform/Developer/SDKs/iPhoneSimulator13.0.sdk/usr/include/ conftest.c
conftest.c:11:10: fatal error: 'ac_nonexistent.h' file not found
#include <ac_nonexistent.h>
         ^~~~~~~~~~~~~~~~~~
1 error generated.
configure:7103: $? = 1
configure: failed program was:
| /* confdefs.h */
| #define PACKAGE_NAME "MP4v2"
| #define PACKAGE_TARNAME "mp4v2"
| #define PACKAGE_VERSION "2.0.0"
| #define PACKAGE_STRING "MP4v2 2.0.0"
| #define PACKAGE_BUGREPORT "kidjan@gmail.com"
| #define PACKAGE_URL ""
| #define PACKAGE "mp4v2"
| #define VERSION "2.0.0"
| /* end confdefs.h.  */
| #include <ac_nonexistent.h>
configure:7132: checking for ANSI C header files
configure:7152: llvm-gcc -c -arch i386 -mios-simulator-version-min=7.0 -pipe -no-cpp-precomp -isysroot /Applications/Xcode.app/Contents/Developer/Platforms/iPhoneSimulator.platform/Developer/SDKs/iPhoneSimulator13.0.sdk -I/Applications/Xcode.app/Contents/Developer/Platforms/iPhoneSimulator.platform/Developer/SDKs/iPhoneSimulator13.0.sdk/usr/include/ -arch i386 -mios-simulator-version-min=7.0 -pipe -no-cpp-precomp -isysroot /Applications/Xcode.app/Contents/Developer/Platforms/iPhoneSimulator.platform/Developer/SDKs/iPhoneSimulator13.0.sdk -I/Applications/Xcode.app/Contents/Developer/Platforms/iPhoneSimulator.platform/Developer/SDKs/iPhoneSimulator13.0.sdk/usr/include/ conftest.c >&5
configure:7152: $? = 0
configure:7236: result: yes
configure:7249: checking for sys/types.h
configure:7249: llvm-gcc -c -arch i386 -mios-simulator-version-min=7.0 -pipe -no-cpp-precomp -isysroot /Applications/Xcode.app/Contents/Developer/Platforms/iPhoneSimulator.platform/Developer/SDKs/iPhoneSimulator13.0.sdk -I/Applications/Xcode.app/Contents/Developer/Platforms/iPhoneSimulator.platform/Developer/SDKs/iPhoneSimulator13.0.sdk/usr/include/ -arch i386 -mios-simulator-version-min=7.0 -pipe -no-cpp-precomp -isysroot /Applications/Xcode.app/Contents/Developer/Platforms/iPhoneSimulator.platform/Developer/SDKs/iPhoneSimulator13.0.sdk -I/Applications/Xcode.app/Contents/Developer/Platforms/iPhoneSimulator.platform/Developer/SDKs/iPhoneSimulator13.0.sdk/usr/include/ conftest.c >&5
configure:7249: $? = 0
configure:7249: result: yes
configure:7249: checking for sys/stat.h
configure:7249: llvm-gcc -c -arch i386 -mios-simulator-version-min=7.0 -pipe -no-cpp-precomp -isysroot /Applications/Xcode.app/Contents/Developer/Platforms/iPhoneSimulator.platform/Developer/SDKs/iPhoneSimulator13.0.sdk -I/Applications/Xcode.app/Contents/Developer/Platforms/iPhoneSimulator.platform/Developer/SDKs/iPhoneSimulator13.0.sdk/usr/include/ -arch i386 -mios-simulator-version-min=7.0 -pipe -no-cpp-precomp -isysroot /Applications/Xcode.app/Contents/Developer/Platforms/iPhoneSimulator.platform/Developer/SDKs/iPhoneSimulator13.0.sdk -I/Applications/Xcode.app/Contents/Developer/Platforms/iPhoneSimulator.platform/Developer/SDKs/iPhoneSimulator13.0.sdk/usr/include/ conftest.c >&5
configure:7249: $? = 0
configure:7249: result: yes
configure:7249: checking for stdlib.h
configure:7249: llvm-gcc -c -arch i386 -mios-simulator-version-min=7.0 -pipe -no-cpp-precomp -isysroot /Applications/Xcode.app/Contents/Developer/Platforms/iPhoneSimulator.platform/Developer/SDKs/iPhoneSimulator13.0.sdk -I/Applications/Xcode.app/Contents/Developer/Platforms/iPhoneSimulator.platform/Developer/SDKs/iPhoneSimulator13.0.sdk/usr/include/ -arch i386 -mios-simulator-version-min=7.0 -pipe -no-cpp-precomp -isysroot /Applications/Xcode.app/Contents/Developer/Platforms/iPhoneSimulator.platform/Developer/SDKs/iPhoneSimulator13.0.sdk -I/Applications/Xcode.app/Contents/Developer/Platforms/iPhoneSimulator.platform/Developer/SDKs/iPhoneSimulator13.0.sdk/usr/include/ conftest.c >&5
configure:7249: $? = 0
configure:7249: result: yes
configure:7249: checking for string.h
configure:7249: llvm-gcc -c -arch i386 -mios-simulator-version-min=7.0 -pipe -no-cpp-precomp -isysroot /Applications/Xcode.app/Contents/Developer/Platforms/iPhoneSimulator.platform/Developer/SDKs/iPhoneSimulator13.0.sdk -I/Applications/Xcode.app/Contents/Developer/Platforms/iPhoneSimulator.platform/Developer/SDKs/iPhoneSimulator13.0.sdk/usr/include/ -arch i386 -mios-simulator-version-min=7.0 -pipe -no-cpp-precomp -isysroot /Applications/Xcode.app/Contents/Developer/Platforms/iPhoneSimulator.platform/Developer/SDKs/iPhoneSimulator13.0.sdk -I/Applications/Xcode.app/Contents/Developer/Platforms/iPhoneSimulator.platform/Developer/SDKs/iPhoneSimulator13.0.sdk/usr/include/ conftest.c >&5
configure:7249: $? = 0
configure:7249: result: yes
configure:7249: checking for memory.h
configure:7249: llvm-gcc -c -arch i386 -mios-simulator-version-min=7.0 -pipe -no-cpp-precomp -isysroot /Applications/Xcode.app/Contents/Developer/Platforms/iPhoneSimulator.platform/Developer/SDKs/iPhoneSimulator13.0.sdk -I/Applications/Xcode.app/Contents/Developer/Platforms/iPhoneSimulator.platform/Developer/SDKs/iPhoneSimulator13.0.sdk/usr/include/ -arch i386 -mios-simulator-version-min=7.0 -pipe -no-cpp-precomp -isysroot /Applications/Xcode.app/Contents/Developer/Platforms/iPhoneSimulator.platform/Developer/SDKs/iPhoneSimulator13.0.sdk -I/Applications/Xcode.app/Contents/Developer/Platforms/iPhoneSimulator.platform/Developer/SDKs/iPhoneSimulator13.0.sdk/usr/include/ conftest.c >&5
configure:7249: $? = 0
configure:7249: result: yes
configure:7249: checking for strings.h
configure:7249: llvm-gcc -c -arch i386 -mios-simulator-version-min=7.0 -pipe -no-cpp-precomp -isysroot /Applications/Xcode.app/Contents/Developer/Platforms/iPhoneSimulator.platform/Developer/SDKs/iPhoneSimulator13.0.sdk -I/Applications/Xcode.app/Contents/Developer/Platforms/iPhoneSimulator.platform/Developer/SDKs/iPhoneSimulator13.0.sdk/usr/include/ -arch i386 -mios-simulator-version-min=7.0 -pipe -no-cpp-precomp -isysroot /Applications/Xcode.app/Contents/Developer/Platforms/iPhoneSimulator.platform/Developer/SDKs/iPhoneSimulator13.0.sdk -I/Applications/Xcode.app/Contents/Developer/Platforms/iPhoneSimulator.platform/Developer/SDKs/iPhoneSimulator13.0.sdk/usr/include/ conftest.c >&5
configure:7249: $? = 0
configure:7249: result: yes
configure:7249: checking for inttypes.h
configure:7249: llvm-gcc -c -arch i386 -mios-simulator-version-min=7.0 -pipe -no-cpp-precomp -isysroot /Applications/Xcode.app/Contents/Developer/Platforms/iPhoneSimulator.platform/Developer/SDKs/iPhoneSimulator13.0.sdk -I/Applications/Xcode.app/Contents/Developer/Platforms/iPhoneSimulator.platform/Developer/SDKs/iPhoneSimulator13.0.sdk/usr/include/ -arch i386 -mios-simulator-version-min=7.0 -pipe -no-cpp-precomp -isysroot /Applications/Xcode.app/Contents/Developer/Platforms/iPhoneSimulator.platform/Developer/SDKs/iPhoneSimulator13.0.sdk -I/Applications/Xcode.app/Contents/Developer/Platforms/iPhoneSimulator.platform/Developer/SDKs/iPhoneSimulator13.0.sdk/usr/include/ conftest.c >&5
configure:7249: $? = 0
configure:7249: result: yes
configure:7249: checking for stdint.h
configure:7249: llvm-gcc -c -arch i386 -mios-simulator-version-min=7.0 -pipe -no-cpp-precomp -isysroot /Applications/Xcode.app/Contents/Developer/Platforms/iPhoneSimulator.platform/Developer/SDKs/iPhoneSimulator13.0.sdk -I/Applications/Xcode.app/Contents/Developer/Platforms/iPhoneSimulator.platform/Developer/SDKs/iPhoneSimulator13.0.sdk/usr/include/ -arch i386 -mios-simulator-version-min=7.0 -pipe -no-cpp-precomp -isysroot /Applications/Xcode.app/Contents/Developer/Platforms/iPhoneSimulator.platform/Developer/SDKs/iPhoneSimulator13.0.sdk -I/Applications/Xcode.app/Contents/Developer/Platforms/iPhoneSimulator.platform/Developer/SDKs/iPhoneSimulator13.0.sdk/usr/include/ conftest.c >&5
configure:7249: $? = 0
configure:7249: result: yes
configure:7249: checking for unistd.h
configure:7249: llvm-gcc -c -arch i386 -mios-simulator-version-min=7.0 -pipe -no-cpp-precomp -isysroot /Applications/Xcode.app/Contents/Developer/Platforms/iPhoneSimulator.platform/Developer/SDKs/iPhoneSimulator13.0.sdk -I/Applications/Xcode.app/Contents/Developer/Platforms/iPhoneSimulator.platform/Developer/SDKs/iPhoneSimulator13.0.sdk/usr/include/ -arch i386 -mios-simulator-version-min=7.0 -pipe -no-cpp-precomp -isysroot /Applications/Xcode.app/Contents/Developer/Platforms/iPhoneSimulator.platform/Developer/SDKs/iPhoneSimulator13.0.sdk -I/Applications/Xcode.app/Contents/Developer/Platforms/iPhoneSimulator.platform/Developer/SDKs/iPhoneSimulator13.0.sdk/usr/include/ conftest.c >&5
configure:7249: $? = 0
configure:7249: result: yes
configure:7264: checking for dlfcn.h
configure:7264: llvm-gcc -c -arch i386 -mios-simulator-version-min=7.0 -pipe -no-cpp-precomp -isysroot /Applications/Xcode.app/Contents/Developer/Platforms/iPhoneSimulator.platform/Developer/SDKs/iPhoneSimulator13.0.sdk -I/Applications/Xcode.app/Contents/Developer/Platforms/iPhoneSimulator.platform/Developer/SDKs/iPhoneSimulator13.0.sdk/usr/include/ -arch i386 -mios-simulator-version-min=7.0 -pipe -no-cpp-precomp -isysroot /Applications/Xcode.app/Contents/Developer/Platforms/iPhoneSimulator.platform/Developer/SDKs/iPhoneSimulator13.0.sdk -I/Applications/Xcode.app/Contents/Developer/Platforms/iPhoneSimulator.platform/Developer/SDKs/iPhoneSimulator13.0.sdk/usr/include/ conftest.c >&5
configure:7264: $? = 0
configure:7264: result: yes
configure:7389: checking for C++ compiler version
configure:7398: llvm-g++ --version >&5
Apple clang version 11.0.0 (clang-1100.0.33.8)
Target: x86_64-apple-darwin18.7.0
Thread model: posix
InstalledDir: /Applications/Xcode.app/Contents/Developer/Toolchains/XcodeDefault.xctoolchain/usr/bin
configure:7409: $? = 0
configure:7398: llvm-g++ -v >&5
Apple clang version 11.0.0 (clang-1100.0.33.8)
Target: x86_64-apple-darwin18.7.0
Thread model: posix
InstalledDir: /Applications/Xcode.app/Contents/Developer/Toolchains/XcodeDefault.xctoolchain/usr/bin
configure:7409: $? = 0
configure:7398: llvm-g++ -V >&5
clang: error: unsupported option '-V -Wno-framework-include-private-from-public'
clang: error: no input files
configure:7409: $? = 1
configure:7398: llvm-g++ -qversion >&5
clang: error: unknown argument '-qversion', did you mean '--version'?
clang: error: no input files
configure:7409: $? = 1
configure:7413: checking whether we are using the GNU C++ compiler
configure:7441: result: yes
configure:7450: checking whether llvm-g++ accepts -g
configure:7511: result: yes
configure:7536: checking dependency style of llvm-g++
configure:7646: result: none
configure:7669: checking how to run the C++ preprocessor
configure:7696: llvm-g++ -E -arch i386 -mios-simulator-version-min=7.0 -pipe -no-cpp-precomp -isysroot /Applications/Xcode.app/Contents/Developer/Platforms/iPhoneSimulator.platform/Developer/SDKs/iPhoneSimulator13.0.sdk -I/Applications/Xcode.app/Contents/Developer/Platforms/iPhoneSimulator.platform/Developer/SDKs/iPhoneSimulator13.0.sdk/usr/include/ conftest.cpp
configure:7696: $? = 0
configure:7710: llvm-g++ -E -arch i386 -mios-simulator-version-min=7.0 -pipe -no-cpp-precomp -isysroot /Applications/Xcode.app/Contents/Developer/Platforms/iPhoneSimulator.platform/Developer/SDKs/iPhoneSimulator13.0.sdk -I/Applications/Xcode.app/Contents/Developer/Platforms/iPhoneSimulator.platform/Developer/SDKs/iPhoneSimulator13.0.sdk/usr/include/ conftest.cpp
conftest.cpp:22:10: fatal error: 'ac_nonexistent.h' file not found
#include <ac_nonexistent.h>
         ^~~~~~~~~~~~~~~~~~
1 error generated.
configure:7710: $? = 1
configure: failed program was:
| /* confdefs.h */
| #define PACKAGE_NAME "MP4v2"
| #define PACKAGE_TARNAME "mp4v2"
| #define PACKAGE_VERSION "2.0.0"
| #define PACKAGE_STRING "MP4v2 2.0.0"
| #define PACKAGE_BUGREPORT "kidjan@gmail.com"
| #define PACKAGE_URL ""
| #define PACKAGE "mp4v2"
| #define VERSION "2.0.0"
| #define STDC_HEADERS 1
| #define HAVE_SYS_TYPES_H 1
| #define HAVE_SYS_STAT_H 1
| #define HAVE_STDLIB_H 1
| #define HAVE_STRING_H 1
| #define HAVE_MEMORY_H 1
| #define HAVE_STRINGS_H 1
| #define HAVE_INTTYPES_H 1
| #define HAVE_STDINT_H 1
| #define HAVE_UNISTD_H 1
| #define HAVE_DLFCN_H 1
| /* end confdefs.h.  */
| #include <ac_nonexistent.h>
configure:7735: result: llvm-g++ -E
configure:7755: llvm-g++ -E -arch i386 -mios-simulator-version-min=7.0 -pipe -no-cpp-precomp -isysroot /Applications/Xcode.app/Contents/Developer/Platforms/iPhoneSimulator.platform/Developer/SDKs/iPhoneSimulator13.0.sdk -I/Applications/Xcode.app/Contents/Developer/Platforms/iPhoneSimulator.platform/Developer/SDKs/iPhoneSimulator13.0.sdk/usr/include/ conftest.cpp
configure:7755: $? = 0
configure:7769: llvm-g++ -E -arch i386 -mios-simulator-version-min=7.0 -pipe -no-cpp-precomp -isysroot /Applications/Xcode.app/Contents/Developer/Platforms/iPhoneSimulator.platform/Developer/SDKs/iPhoneSimulator13.0.sdk -I/Applications/Xcode.app/Contents/Developer/Platforms/iPhoneSimulator.platform/Developer/SDKs/iPhoneSimulator13.0.sdk/usr/include/ conftest.cpp
conftest.cpp:22:10: fatal error: 'ac_nonexistent.h' file not found
#include <ac_nonexistent.h>
         ^~~~~~~~~~~~~~~~~~
1 error generated.
configure:7769: $? = 1
configure: failed program was:
| /* confdefs.h */
| #define PACKAGE_NAME "MP4v2"
| #define PACKAGE_TARNAME "mp4v2"
| #define PACKAGE_VERSION "2.0.0"
| #define PACKAGE_STRING "MP4v2 2.0.0"
| #define PACKAGE_BUGREPORT "kidjan@gmail.com"
| #define PACKAGE_URL ""
| #define PACKAGE "mp4v2"
| #define VERSION "2.0.0"
| #define STDC_HEADERS 1
| #define HAVE_SYS_TYPES_H 1
| #define HAVE_SYS_STAT_H 1
| #define HAVE_STDLIB_H 1
| #define HAVE_STRING_H 1
| #define HAVE_MEMORY_H 1
| #define HAVE_STRINGS_H 1
| #define HAVE_INTTYPES_H 1
| #define HAVE_STDINT_H 1
| #define HAVE_UNISTD_H 1
| #define HAVE_DLFCN_H 1
| /* end confdefs.h.  */
| #include <ac_nonexistent.h>
configure:7975: checking for objdir
configure:7990: result: .libs
configure:8282: checking if llvm-gcc supports -fno-rtti -fno-exceptions
configure:8300: llvm-gcc -c -arch i386 -mios-simulator-version-min=7.0 -pipe -no-cpp-precomp -isysroot /Applications/Xcode.app/Contents/Developer/Platforms/iPhoneSimulator.platform/Developer/SDKs/iPhoneSimulator13.0.sdk -I/Applications/Xcode.app/Contents/Developer/Platforms/iPhoneSimulator.platform/Developer/SDKs/iPhoneSimulator13.0.sdk/usr/include/ -arch i386 -mios-simulator-version-min=7.0 -pipe -no-cpp-precomp -isysroot /Applications/Xcode.app/Contents/Developer/Platforms/iPhoneSimulator.platform/Developer/SDKs/iPhoneSimulator13.0.sdk -I/Applications/Xcode.app/Contents/Developer/Platforms/iPhoneSimulator.platform/Developer/SDKs/iPhoneSimulator13.0.sdk/usr/include/ -fno-rtti -fno-exceptions conftest.c >&5
configure:8304: $? = 0
configure:8317: result: yes
configure:8337: checking for llvm-gcc option to produce PIC
configure:8609: result: -fno-common -DPIC
configure:8621: checking if llvm-gcc PIC flag -fno-common -DPIC works
configure:8639: llvm-gcc -c -arch i386 -mios-simulator-version-min=7.0 -pipe -no-cpp-precomp -isysroot /Applications/Xcode.app/Contents/Developer/Platforms/iPhoneSimulator.platform/Developer/SDKs/iPhoneSimulator13.0.sdk -I/Applications/Xcode.app/Contents/Developer/Platforms/iPhoneSimulator.platform/Developer/SDKs/iPhoneSimulator13.0.sdk/usr/include/ -arch i386 -mios-simulator-version-min=7.0 -pipe -no-cpp-precomp -isysroot /Applications/Xcode.app/Contents/Developer/Platforms/iPhoneSimulator.platform/Developer/SDKs/iPhoneSimulator13.0.sdk -I/Applications/Xcode.app/Contents/Developer/Platforms/iPhoneSimulator.platform/Developer/SDKs/iPhoneSimulator13.0.sdk/usr/include/ -fno-common -DPIC -DPIC conftest.c >&5
configure:8643: $? = 0
configure:8656: result: yes
configure:8680: checking if llvm-gcc static flag -static works
configure:8708: result: no
configure:8723: checking if llvm-gcc supports -c -o file.o
configure:8744: llvm-gcc -c -arch i386 -mios-simulator-version-min=7.0 -pipe -no-cpp-precomp -isysroot /Applications/Xcode.app/Contents/Developer/Platforms/iPhoneSimulator.platform/Developer/SDKs/iPhoneSimulator13.0.sdk -I/Applications/Xcode.app/Contents/Developer/Platforms/iPhoneSimulator.platform/Developer/SDKs/iPhoneSimulator13.0.sdk/usr/include/ -arch i386 -mios-simulator-version-min=7.0 -pipe -no-cpp-precomp -isysroot /Applications/Xcode.app/Contents/Developer/Platforms/iPhoneSimulator.platform/Developer/SDKs/iPhoneSimulator13.0.sdk -I/Applications/Xcode.app/Contents/Developer/Platforms/iPhoneSimulator.platform/Developer/SDKs/iPhoneSimulator13.0.sdk/usr/include/ -o out/conftest2.o conftest.c >&5
configure:8748: $? = 0
configure:8770: result: yes
configure:8778: checking if llvm-gcc supports -c -o file.o
configure:8825: result: yes
configure:8858: checking whether the llvm-gcc linker (/Applications/Xcode.app/Contents/Developer/Platforms/iPhoneSimulator.platform/Developer/usr/bin/ld) supports shared libraries
configure:9849: result: yes
configure:10088: checking dynamic linker characteristics
configure:10751: result: darwin dyld
configure:10853: checking how to hardcode library paths into programs
configure:10878: result: immediate
configure:11398: checking whether stripping libraries is possible
configure:11412: result: yes
configure:11438: checking if libtool supports shared libraries
configure:11440: result: yes
configure:11443: checking whether to build shared libraries
configure:11464: result: no
configure:11467: checking whether to build static libraries
configure:11471: result: yes
configure:11621: checking for ld used by llvm-g++
configure:11688: result: /Applications/Xcode.app/Contents/Developer/Platforms/iPhoneSimulator.platform/Developer/usr/bin/ld
configure:11695: checking if the linker (/Applications/Xcode.app/Contents/Developer/Platforms/iPhoneSimulator.platform/Developer/usr/bin/ld) is GNU ld
configure:11710: result: no
configure:11765: checking whether the llvm-g++ linker (/Applications/Xcode.app/Contents/Developer/Platforms/iPhoneSimulator.platform/Developer/usr/bin/ld) supports shared libraries
configure:12678: result: yes
configure:12706: llvm-g++ -c -arch i386 -mios-simulator-version-min=7.0 -pipe -no-cpp-precomp -isysroot /Applications/Xcode.app/Contents/Developer/Platforms/iPhoneSimulator.platform/Developer/SDKs/iPhoneSimulator13.0.sdk -I/Applications/Xcode.app/Contents/Developer/Platforms/iPhoneSimulator.platform/Developer/SDKs/iPhoneSimulator13.0.sdk/usr/include/ -arch i386 -mios-simulator-version-min=7.0 -pipe -no-cpp-precomp -isysroot /Applications/Xcode.app/Contents/Developer/Platforms/iPhoneSimulator.platform/Developer/SDKs/iPhoneSimulator13.0.sdk -I/Applications/Xcode.app/Contents/Developer/Platforms/iPhoneSimulator.platform/Developer/SDKs/iPhoneSimulator13.0.sdk/usr/include/ conftest.cpp >&5
configure:12709: $? = 0
configure:12891: checking for llvm-g++ option to produce PIC
configure:13208: result: -fno-common -DPIC
configure:13217: checking if llvm-g++ PIC flag -fno-common -DPIC works
configure:13235: llvm-g++ -c -arch i386 -mios-simulator-version-min=7.0 -pipe -no-cpp-precomp -isysroot /Applications/Xcode.app/Contents/Developer/Platforms/iPhoneSimulator.platform/Developer/SDKs/iPhoneSimulator13.0.sdk -I/Applications/Xcode.app/Contents/Developer/Platforms/iPhoneSimulator.platform/Developer/SDKs/iPhoneSimulator13.0.sdk/usr/include/ -arch i386 -mios-simulator-version-min=7.0 -pipe -no-cpp-precomp -isysroot /Applications/Xcode.app/Contents/Developer/Platforms/iPhoneSimulator.platform/Developer/SDKs/iPhoneSimulator13.0.sdk -I/Applications/Xcode.app/Contents/Developer/Platforms/iPhoneSimulator.platform/Developer/SDKs/iPhoneSimulator13.0.sdk/usr/include/ -fno-common -DPIC -DPIC conftest.cpp >&5
configure:13239: $? = 0
configure:13252: result: yes
configure:13273: checking if llvm-g++ static flag -static works
configure:13301: result: no
configure:13313: checking if llvm-g++ supports -c -o file.o
configure:13334: llvm-g++ -c -arch i386 -mios-simulator-version-min=7.0 -pipe -no-cpp-precomp -isysroot /Applications/Xcode.app/Contents/Developer/Platforms/iPhoneSimulator.platform/Developer/SDKs/iPhoneSimulator13.0.sdk -I/Applications/Xcode.app/Contents/Developer/Platforms/iPhoneSimulator.platform/Developer/SDKs/iPhoneSimulator13.0.sdk/usr/include/ -arch i386 -mios-simulator-version-min=7.0 -pipe -no-cpp-precomp -isysroot /Applications/Xcode.app/Contents/Developer/Platforms/iPhoneSimulator.platform/Developer/SDKs/iPhoneSimulator13.0.sdk -I/Applications/Xcode.app/Contents/Developer/Platforms/iPhoneSimulator.platform/Developer/SDKs/iPhoneSimulator13.0.sdk/usr/include/ -o out/conftest2.o conftest.cpp >&5
configure:13338: $? = 0
configure:13360: result: yes
configure:13365: checking if llvm-g++ supports -c -o file.o
configure:13412: result: yes
configure:13442: checking whether the llvm-g++ linker (/Applications/Xcode.app/Contents/Developer/Platforms/iPhoneSimulator.platform/Developer/usr/bin/ld) supports shared libraries
configure:13471: result: yes
configure:13608: checking dynamic linker characteristics
configure:14219: result: darwin dyld
configure:14270: checking how to hardcode library paths into programs
configure:14295: result: immediate
configure:14356: checking for help2man
configure:14384: result: no
configure:14397: checking MP4v2 platform portability
configure:14419: result: posix
configure:14542: checking if llvm-g++ supports -fvisibility
configure:14561: llvm-g++ -c -arch i386 -mios-simulator-version-min=7.0 -pipe -no-cpp-precomp -isysroot /Applications/Xcode.app/Contents/Developer/Platforms/iPhoneSimulator.platform/Developer/SDKs/iPhoneSimulator13.0.sdk -I/Applications/Xcode.app/Contents/Developer/Platforms/iPhoneSimulator.platform/Developer/SDKs/iPhoneSimulator13.0.sdk/usr/include/ -fvisibility=hidden -arch i386 -mios-simulator-version-min=7.0 -pipe -no-cpp-precomp -isysroot /Applications/Xcode.app/Contents/Developer/Platforms/iPhoneSimulator.platform/Developer/SDKs/iPhoneSimulator13.0.sdk -I/Applications/Xcode.app/Contents/Developer/Platforms/iPhoneSimulator.platform/Developer/SDKs/iPhoneSimulator13.0.sdk/usr/include/ conftest.cpp >&5
configure:14561: $? = 0
configure:14573: result: yes
configure:14583: checking if GCC precompiled-headers should be created
configure:14617: result: no
configure:14640: checking if LFS (large file support) is required
configure:14662: llvm-g++ -c -arch i386 -mios-simulator-version-min=7.0 -pipe -no-cpp-precomp -isysroot /Applications/Xcode.app/Contents/Developer/Platforms/iPhoneSimulator.platform/Developer/SDKs/iPhoneSimulator13.0.sdk -I/Applications/Xcode.app/Contents/Developer/Platforms/iPhoneSimulator.platform/Developer/SDKs/iPhoneSimulator13.0.sdk/usr/include/ -fvisibility=hidden -arch i386 -mios-simulator-version-min=7.0 -pipe -no-cpp-precomp -isysroot /Applications/Xcode.app/Contents/Developer/Platforms/iPhoneSimulator.platform/Developer/SDKs/iPhoneSimulator13.0.sdk -I/Applications/Xcode.app/Contents/Developer/Platforms/iPhoneSimulator.platform/Developer/SDKs/iPhoneSimulator13.0.sdk/usr/include/ conftest.cpp >&5
conftest.cpp:26:5: error: unknown type name 'error'
    error: not LFS conformant
    ^
conftest.cpp:26:10: error: expected unqualified-id
    error: not LFS conformant
         ^
2 errors generated.
configure:14662: $? = 1
configure: failed program was:
| /* confdefs.h */
| #define PACKAGE_NAME "MP4v2"
| #define PACKAGE_TARNAME "mp4v2"
| #define PACKAGE_VERSION "2.0.0"
| #define PACKAGE_STRING "MP4v2 2.0.0"
| #define PACKAGE_BUGREPORT "kidjan@gmail.com"
| #define PACKAGE_URL ""
| #define PACKAGE "mp4v2"
| #define VERSION "2.0.0"
| #define STDC_HEADERS 1
| #define HAVE_SYS_TYPES_H 1
| #define HAVE_SYS_STAT_H 1
| #define HAVE_STDLIB_H 1
| #define HAVE_STRING_H 1
| #define HAVE_MEMORY_H 1
| #define HAVE_STRINGS_H 1
| #define HAVE_INTTYPES_H 1
| #define HAVE_STDINT_H 1
| #define HAVE_UNISTD_H 1
| #define HAVE_DLFCN_H 1
| #define LT_OBJDIR ".libs/"
| /* end confdefs.h.  */
| 
| #include <unistd.h>
| #ifndef _LFS_LARGEFILE
|     error: not LFS conformant
| #endif
| 
| int
| main ()
| {
| 
|   ;
|   return 0;
| }
configure:14670: result: no
configure:14686: checking arch flags
configure:14721: result: none
configure:14962: creating ./config.status

## ---------------------- ##
## Running config.status. ##
## ---------------------- ##

This file was extended by MP4v2 config.status 2.0.0, which was
generated by GNU Autoconf 2.65.  Invocation command line was

  CONFIG_FILES    = 
  CONFIG_HEADERS  = 
  CONFIG_LINKS    = 
  CONFIG_COMMANDS = 
  $ ./config.status 

on JimdeMacBook-Pro.local

config.status:1173: creating GNUmakefile
config.status:1173: creating include/mp4v2/project.h
config.status:1173: creating project/project.m4
config.status:1173: creating libplatform/config.h
config.status:1386: executing depfiles commands
config.status:1386: executing libtool commands

## ---------------- ##
## Cache variables. ##
## ---------------- ##

ac_cv_build=i386-apple-darwin18.7.0
ac_cv_c_compiler_gnu=yes
ac_cv_cxx_compiler_gnu=yes
ac_cv_env_CCC_set=
ac_cv_env_CCC_value=
ac_cv_env_CC_set=set
ac_cv_env_CC_value=llvm-gcc
ac_cv_env_CFLAGS_set=set
ac_cv_env_CFLAGS_value='-arch i386 -mios-simulator-version-min=7.0 -pipe -no-cpp-precomp -isysroot /Applications/Xcode.app/Contents/Developer/Platforms/iPhoneSimulator.platform/Developer/SDKs/iPhoneSimulator13.0.sdk -I/Applications/Xcode.app/Contents/Developer/Platforms/iPhoneSimulator.platform/Developer/SDKs/iPhoneSimulator13.0.sdk/usr/include/'
ac_cv_env_CPPFLAGS_set=set
ac_cv_env_CPPFLAGS_value='-arch i386 -mios-simulator-version-min=7.0 -pipe -no-cpp-precomp -isysroot /Applications/Xcode.app/Contents/Developer/Platforms/iPhoneSimulator.platform/Developer/SDKs/iPhoneSimulator13.0.sdk -I/Applications/Xcode.app/Contents/Developer/Platforms/iPhoneSimulator.platform/Developer/SDKs/iPhoneSimulator13.0.sdk/usr/include/'
ac_cv_env_CPP_set=
ac_cv_env_CPP_value=
ac_cv_env_CXXCPP_set=
ac_cv_env_CXXCPP_value=
ac_cv_env_CXXFLAGS_set=set
ac_cv_env_CXXFLAGS_value='-arch i386 -mios-simulator-version-min=7.0 -pipe -no-cpp-precomp -isysroot /Applications/Xcode.app/Contents/Developer/Platforms/iPhoneSimulator.platform/Developer/SDKs/iPhoneSimulator13.0.sdk -I/Applications/Xcode.app/Contents/Developer/Platforms/iPhoneSimulator.platform/Developer/SDKs/iPhoneSimulator13.0.sdk/usr/include/'
ac_cv_env_CXX_set=set
ac_cv_env_CXX_value=llvm-g++
ac_cv_env_LDFLAGS_set=set
ac_cv_env_LDFLAGS_value=-L/Applications/Xcode.app/Contents/Developer/Platforms/iPhoneSimulator.platform/Developer/SDKs/iPhoneSimulator13.0.sdk/usr/lib/
ac_cv_env_LIBS_set=
ac_cv_env_LIBS_value=
ac_cv_env_build_alias_set=
ac_cv_env_build_alias_value=
ac_cv_env_host_alias_set=set
ac_cv_env_host_alias_value=i386-apple-darwin
ac_cv_env_target_alias_set=
ac_cv_env_target_alias_value=
ac_cv_header_dlfcn_h=yes
ac_cv_header_inttypes_h=yes
ac_cv_header_memory_h=yes
ac_cv_header_stdc=yes
ac_cv_header_stdint_h=yes
ac_cv_header_stdlib_h=yes
ac_cv_header_string_h=yes
ac_cv_header_strings_h=yes
ac_cv_header_sys_stat_h=yes
ac_cv_header_sys_types_h=yes
ac_cv_header_unistd_h=yes
ac_cv_host=i386-apple-darwin
ac_cv_objext=o
ac_cv_path_EGREP='/usr/bin/grep -E'
ac_cv_path_FGREP='/usr/bin/grep -F'
ac_cv_path_GREP=/usr/bin/grep
ac_cv_path_SED=/usr/bin/sed
ac_cv_path_install='/usr/bin/install -c'
ac_cv_prog_AWK=awk
ac_cv_prog_CC=llvm-gcc
ac_cv_prog_CPP='llvm-gcc -E'
ac_cv_prog_CXXCPP='llvm-g++ -E'
ac_cv_prog_DSYMUTIL=/Applications/Xcode.app/Contents/Developer/Platforms/iPhoneOS.platform/Developer/usr/bin/dsymutil
ac_cv_prog_FOUND_HELP2MAN=no
ac_cv_prog_LIPO=/Applications/Xcode.app/Contents/Developer/Platforms/iPhoneOS.platform/Developer/usr/bin/lipo
ac_cv_prog_NMEDIT=/Applications/Xcode.app/Contents/Developer/Platforms/iPhoneOS.platform/Developer/usr/bin/nmedit
ac_cv_prog_OTOOL=/Applications/Xcode.app/Contents/Developer/Platforms/iPhoneOS.platform/Developer/usr/bin/otool
ac_cv_prog_STRIP=/Applications/Xcode.app/Contents/Developer/Platforms/iPhoneOS.platform/Developer/usr/bin/strip
ac_cv_prog_ac_ct_AR=ar
ac_cv_prog_ac_ct_OBJDUMP=objdump
ac_cv_prog_ac_ct_RANLIB=ranlib
ac_cv_prog_cc_c89=
ac_cv_prog_cc_g=yes
ac_cv_prog_cxx_g=yes
ac_cv_prog_make_make_set=yes
am_cv_CC_dependencies_compiler_type=none
am_cv_CXX_dependencies_compiler_type=none
lt_cv_apple_cc_single_mod=no
lt_cv_deplibs_check_method=pass_all
lt_cv_file_magic_cmd='$MAGIC_CMD'
lt_cv_file_magic_test_file=
lt_cv_ld_exported_symbols_list=yes
lt_cv_ld_reload_flag=-r
lt_cv_nm_interface='BSD nm'
lt_cv_objdir=.libs
lt_cv_path_LD=/Applications/Xcode.app/Contents/Developer/Platforms/iPhoneSimulator.platform/Developer/usr/bin/ld
lt_cv_path_LDCXX=/Applications/Xcode.app/Contents/Developer/Platforms/iPhoneSimulator.platform/Developer/usr/bin/ld
lt_cv_path_NM=/Applications/Xcode.app/Contents/Developer/Platforms/iPhoneOS.platform/Developer/usr/bin/nm
lt_cv_prog_compiler_c_o=yes
lt_cv_prog_compiler_c_o_CXX=yes
lt_cv_prog_compiler_pic_works=yes
lt_cv_prog_compiler_pic_works_CXX=yes
lt_cv_prog_compiler_rtti_exceptions=yes
lt_cv_prog_compiler_static_works=no
lt_cv_prog_compiler_static_works_CXX=no
lt_cv_prog_gnu_ld=no
lt_cv_prog_gnu_ldcxx=no
lt_cv_sys_global_symbol_pipe=
lt_cv_sys_global_symbol_to_c_name_address='sed -n -e '\''s/^: \([^ ]*\) $/  {\"\1\", (void *) 0},/p'\'' -e '\''s/^[BCDEGRST]* \([^ ]*\) \([^ ]*\)$/  {"\2", (void *) \&\2},/p'\'''
lt_cv_sys_global_symbol_to_c_name_address_lib_prefix='sed -n -e '\''s/^: \([^ ]*\) $/  {\"\1\", (void *) 0},/p'\'' -e '\''s/^[BCDEGRST]* \([^ ]*\) \(lib[^ ]*\)$/  {"\2", (void *) \&\2},/p'\'' -e '\''s/^[BCDEGRST]* \([^ ]*\) \([^ ]*\)$/  {"lib\2", (void *) \&\2},/p'\'''
lt_cv_sys_global_symbol_to_cdecl=
lt_cv_sys_max_cmd_len=196608
x_cv_fvisibility=yes
x_cv_largefile=no

## ----------------- ##
## Output variables. ##
## ----------------- ##

ACLOCAL='${SHELL} /Users/jim/Git/ipc-client-development-tools/mp4v2/mp4v2-2.0.0/autoaux/missing --run aclocal-1.11'
ADD_MANS_FALSE='#'
ADD_MANS_TRUE=''
ADD_PLATFORM_POSIX_FALSE='#'
ADD_PLATFORM_POSIX_TRUE=''
ADD_PLATFORM_WIN32_FALSE=''
ADD_PLATFORM_WIN32_TRUE='#'
ADD_UTIL_FALSE=''
ADD_UTIL_TRUE='#'
AMDEPBACKSLASH=''
AMDEP_FALSE=''
AMDEP_TRUE='#'
AMTAR='${SHELL} /Users/jim/Git/ipc-client-development-tools/mp4v2/mp4v2-2.0.0/autoaux/missing --run tar'
AR='ar'
AUTOCONF='${SHELL} /Users/jim/Git/ipc-client-development-tools/mp4v2/mp4v2-2.0.0/autoaux/missing --run autoconf'
AUTOHEADER='${SHELL} /Users/jim/Git/ipc-client-development-tools/mp4v2/mp4v2-2.0.0/autoaux/missing --run autoheader'
AUTOMAKE='${SHELL} /Users/jim/Git/ipc-client-development-tools/mp4v2/mp4v2-2.0.0/autoaux/missing --run automake-1.11'
AWK='awk'
CC='llvm-gcc'
CCDEPMODE='depmode=none'
CFLAGS='-arch i386 -mios-simulator-version-min=7.0 -pipe -no-cpp-precomp -isysroot /Applications/Xcode.app/Contents/Developer/Platforms/iPhoneSimulator.platform/Developer/SDKs/iPhoneSimulator13.0.sdk -I/Applications/Xcode.app/Contents/Developer/Platforms/iPhoneSimulator.platform/Developer/SDKs/iPhoneSimulator13.0.sdk/usr/include/'
CPP='llvm-gcc -E'
CPPFLAGS='-arch i386 -mios-simulator-version-min=7.0 -pipe -no-cpp-precomp -isysroot /Applications/Xcode.app/Contents/Developer/Platforms/iPhoneSimulator.platform/Developer/SDKs/iPhoneSimulator13.0.sdk -I/Applications/Xcode.app/Contents/Developer/Platforms/iPhoneSimulator.platform/Developer/SDKs/iPhoneSimulator13.0.sdk/usr/include/'
CXX='llvm-g++'
CXXCPP='llvm-g++ -E'
CXXDEPMODE='depmode=none'
CXXFLAGS='-arch i386 -mios-simulator-version-min=7.0 -pipe -no-cpp-precomp -isysroot /Applications/Xcode.app/Contents/Developer/Platforms/iPhoneSimulator.platform/Developer/SDKs/iPhoneSimulator13.0.sdk -I/Applications/Xcode.app/Contents/Developer/Platforms/iPhoneSimulator.platform/Developer/SDKs/iPhoneSimulator13.0.sdk/usr/include/ -fvisibility=hidden'
CYGPATH_W='echo'
DEFS='-DHAVE_CONFIG_H'
DEPDIR='.deps'
DSYMUTIL='/Applications/Xcode.app/Contents/Developer/Platforms/iPhoneOS.platform/Developer/usr/bin/dsymutil'
DUMPBIN=''
ECHO_C='\c'
ECHO_N=''
ECHO_T=''
EGREP='/usr/bin/grep -E'
EXEEXT=''
FGREP='/usr/bin/grep -F'
FOUND_HELP2MAN='no'
GREP='/usr/bin/grep'
INSTALL_DATA='${INSTALL} -m 644'
INSTALL_PROGRAM='${INSTALL}'
INSTALL_SCRIPT='${INSTALL}'
INSTALL_STRIP_PROGRAM='$(install_sh) -c -s'
LD='/Applications/Xcode.app/Contents/Developer/Platforms/iPhoneSimulator.platform/Developer/usr/bin/ld'
LDFLAGS='-L/Applications/Xcode.app/Contents/Developer/Platforms/iPhoneSimulator.platform/Developer/SDKs/iPhoneSimulator13.0.sdk/usr/lib/'
LIBOBJS=''
LIBS=''
LIBTOOL='$(SHELL) $(top_builddir)/libtool'
LIPO='/Applications/Xcode.app/Contents/Developer/Platforms/iPhoneOS.platform/Developer/usr/bin/lipo'
LN_S='ln -s'
LTLIBOBJS=''
MAKEINFO='${SHELL} /Users/jim/Git/ipc-client-development-tools/mp4v2/mp4v2-2.0.0/autoaux/missing --run makeinfo'
MKDIR_P='/Users/jim/Git/ipc-client-development-tools/mp4v2/mp4v2-2.0.0/autoaux/install-sh -c -d'
NM='/Applications/Xcode.app/Contents/Developer/Platforms/iPhoneOS.platform/Developer/usr/bin/nm'
NMEDIT='/Applications/Xcode.app/Contents/Developer/Platforms/iPhoneOS.platform/Developer/usr/bin/nmedit'
OBJDUMP='objdump'
OBJEXT='o'
OTOOL64=':'
OTOOL='/Applications/Xcode.app/Contents/Developer/Platforms/iPhoneOS.platform/Developer/usr/bin/otool'
PACKAGE='mp4v2'
PACKAGE_BUGREPORT='kidjan@gmail.com'
PACKAGE_NAME='MP4v2'
PACKAGE_STRING='MP4v2 2.0.0'
PACKAGE_TARNAME='mp4v2'
PACKAGE_URL=''
PACKAGE_VERSION='2.0.0'
PATH_SEPARATOR=':'
PROJECT_bugreport='<kidjan@gmail.com>'
PROJECT_build='Mon Dec 23 12:00:43 CST 2019'
PROJECT_irc='irc://irc.freenode.net/handbrake'
PROJECT_name='MP4v2'
PROJECT_name_formal='MP4v2 2.0.0'
PROJECT_name_lower='mp4v2'
PROJECT_name_upper='MP4V2'
PROJECT_repo_branch='2.0.0'
PROJECT_repo_date='2012-05-20 15:16:54 -0700 (Sun, 20 May 2012)'
PROJECT_repo_rev='493'
PROJECT_repo_root='https://mp4v2.googlecode.com/svn'
PROJECT_repo_type='stable'
PROJECT_repo_url='https://mp4v2.googlecode.com/svn/releases/2.0.0'
PROJECT_repo_uuid='6e6572fa-98a6-11dd-ad9f-f77439c74b79'
PROJECT_url_discussion='http://groups.google.com/group/mp4v2'
PROJECT_url_downloads='http://code.google.com/p/mp4v2/downloads/list'
PROJECT_url_website='http://code.google.com/p/mp4v2'
PROJECT_version='2.0.0'
PROJECT_version_hex='0x00020000'
PROJECT_version_major='2'
PROJECT_version_minor='0'
PROJECT_version_point='0'
RANLIB='ranlib'
SED='/usr/bin/sed'
SET_MAKE=''
SHELL='/bin/sh'
STRIP='/Applications/Xcode.app/Contents/Developer/Platforms/iPhoneOS.platform/Developer/usr/bin/strip'
VERSION='2.0.0'
X_CXX_ARCH=''
X_CXX_D=''
X_CXX_I=''
X_CXX_W=''
X_GCH='0'
X_GCH_FLAGS=''
X_GCH_SHARED='0'
X_GCH_SHARED_FLAGS=' -fno-common -DPIC'
X_GCH_STATIC='0'
X_GCH_STATIC_FLAGS=''
X_MINGW_LIBS=''
X_libmp4v2_la_LDFLAGS='-Wl,-current_version,$(PROJECT_version_major).$(PROJECT_version_minor).$(PROJECT_version_point) -Wl,-compatibility_version,$(PROJECT_version_major).0.0'
ac_ct_CC=''
ac_ct_CXX=''
ac_ct_DUMPBIN=''
am__EXEEXT_FALSE=''
am__EXEEXT_TRUE='#'
am__fastdepCC_FALSE=''
am__fastdepCC_TRUE='#'
am__fastdepCXX_FALSE=''
am__fastdepCXX_TRUE='#'
am__include='include'
am__isrc=' -I$(srcdir)'
am__leading_dot='.'
am__quote=''
am__tar='${AMTAR} chof - "$$tardir"'
am__untar='${AMTAR} xf -'
bindir='${exec_prefix}/bin'
build='i386-apple-darwin18.7.0'
build_alias=''
build_cpu='i386'
build_os='darwin18.7.0'
build_vendor='apple'
datadir='${datarootdir}'
datarootdir='${prefix}/share'
docdir='${datarootdir}/doc/${PACKAGE_TARNAME}'
dvidir='${docdir}'
exec_prefix='${prefix}'
host='i386-apple-darwin'
host_alias='i386-apple-darwin'
host_cpu='i386'
host_os='darwin'
host_vendor='apple'
htmldir='${docdir}'
includedir='${prefix}/include'
infodir='${datarootdir}/info'
install_sh='${SHELL} /Users/jim/Git/ipc-client-development-tools/mp4v2/mp4v2-2.0.0/autoaux/install-sh'
libdir='${exec_prefix}/lib'
libexecdir='${exec_prefix}/libexec'
localedir='${datarootdir}/locale'
localstatedir='${prefix}/var'
lt_ECHO='/bin/echo'
mandir='${datarootdir}/man'
mkdir_p='/Users/jim/Git/ipc-client-development-tools/mp4v2/mp4v2-2.0.0/autoaux/install-sh -c -d'
oldincludedir='/usr/include'
pdfdir='${docdir}'
prefix='/Users/jim/Git/ipc-client-development-tools/mp4v2/thin/i386'
program_transform_name='s,x,x,'
psdir='${docdir}'
sbindir='${exec_prefix}/sbin'
sharedstatedir='${prefix}/com'
sysconfdir='${prefix}/etc'
target_alias=''

## ----------- ##
## confdefs.h. ##
## ----------- ##

/* confdefs.h */
#define PACKAGE_NAME "MP4v2"
#define PACKAGE_TARNAME "mp4v2"
#define PACKAGE_VERSION "2.0.0"
#define PACKAGE_STRING "MP4v2 2.0.0"
#define PACKAGE_BUGREPORT "kidjan@gmail.com"
#define PACKAGE_URL ""
#define PACKAGE "mp4v2"
#define VERSION "2.0.0"
#define STDC_HEADERS 1
#define HAVE_SYS_TYPES_H 1
#define HAVE_SYS_STAT_H 1
#define HAVE_STDLIB_H 1
#define HAVE_STRING_H 1
#define HAVE_MEMORY_H 1
#define HAVE_STRINGS_H 1
#define HAVE_INTTYPES_H 1
#define HAVE_STDINT_H 1
#define HAVE_UNISTD_H 1
#define HAVE_DLFCN_H 1
#define LT_OBJDIR ".libs/"

configure: exit 0
